TN:
SF:src\tests\test_complete_examples.py
DA:1,1,xQVNdxAJxuGw1z9RcZmDQw
DA:4,1,zaN46HiR59wRonk3G6DIjg
DA:5,1,6EqVyswJtxIE+9LVqyxOlA
DA:7,1,7Z9Lj4ed27Wf2hBX6jooEA
DA:8,1,/6BCF/ROSidz51ZAydY62A
DA:10,1,F5Wsr/VcJTCJjnjUU7vrsw
DA:14,1,v6Ps+lj1KA3wTMNNMiIRKg
DA:32,1,Y4atwm+ZRDFxkTOfuC1zxA
DA:34,1,se7j4GhIjwFNvr/uEM4KQA
DA:35,1,hWo9QkkKGFC7Iyv8+74G0g
DA:37,1,gjZEqrGM493WZXOlXq2G5w
DA:39,1,M+vQzNOLsQzbpvNDw0jm7A
DA:50,1,80aIXlFU+wkp0QHdHAZfeQ
DA:103,1,qvuwl1KzpUDhllSK89R9Aw
DA:105,1,7I+zlwIpypvJHytX5AH+6g
DA:117,1,C0MRrhDWMUUlKBEdt/u5lg
DA:119,1,u8j4P21L2gm30SNyyObN3Q
DA:121,1,Q8ks1p9qgSgylxGsOly8VQ
DA:131,1,Hii+lqgxY/X4pzfccYaFJA
DA:134,1,xvHetPzlpP2RLUUDaJmUog
DA:135,1,fMSrLh38Pc8GxPwPTgjhIQ
DA:136,1,tyGuzvGOY00nHEJe0vEysg
DA:138,1,f808LrT1NKj+GU7Tcvl0xg
DA:148,1,c+zlw18DyEpc1v0mFe7MPg
DA:149,1,8dzm5u7j/4UnUoUkZozSlg
DA:159,1,XiySo/Nd2HDD9RvE8nf3Lw
DA:170,1,kfFebv+NATCqwFl2jtPvVQ
DA:182,1,ZO4ZlBkM4zihmu7mXYkZqQ
DA:185,1,oaDqxKO+cETOgfflYgp8ww
DA:186,1,43jutUkj08gS9U+iuKo+7w
DA:187,1,CZvbE2VNHhOesfaoe0r1wA
DA:190,1,26VO/vLR4rskFrQIQZJsiw
DA:191,1,ETSDxqBYXil0zTFjY5iYPg
DA:192,1,xLRcg/no+dLThtr5agQaPQ
DA:195,1,eynPwccsSYY128Ejlzsa3w
DA:198,1,/roqVj/vo+vzun5IguAUvA
DA:200,1,frDIwtEV6FHBoGVQb6ODrg
DA:207,1,FtGYc7RkXQBZFfFxCTgR2A
DA:215,1,/+4FLCtbxuB27QSuVl11xA
DA:216,1,8TNrY+sBYtqRFc9IWNKxXA
DA:223,1,ISygfUu9Ky7Zo0zQmNlJFg
DA:226,1,4eECN19Diy/ikwzRMUXcvw
DA:228,1,tLIdhohYeQLucV6Lpf49Pw
DA:229,1,IASPV+sJLanonxDn5lM13g
DA:230,1,H33bMrR2+cc9n8qtQLCttA
DA:233,1,ag6VcVPLuoZfrQyveM91cw
DA:235,1,RsS4kXotmWGq0TVgLKvn0Q
DA:245,1,8TNrY+sBYtqRFc9IWNKxXA
DA:260,1,ISygfUu9Ky7Zo0zQmNlJFg
DA:267,1,muYpLwzS0qEhORZzLyBQAQ
DA:269,1,Bdy4v+WRgVehUM+thl+86A
DA:270,1,IASPV+sJLanonxDn5lM13g
DA:272,1,VPq3Y23yN+y5oNgWdk1H0w
DA:280,1,4vJbQpO562+V6knGJZ9Ydg
DA:281,1,tQqqnhhniCSlbuaqT3nD3g
DA:294,1,nxh0PwCMjolrhCQ9+n4u2w
DA:296,1,hRz5xetAVtVy3tZU2IJWqQ
DA:297,1,2IdTvYHseaZfyRUH2ZRSSA
DA:299,1,H33bMrR2+cc9n8qtQLCttA
DA:302,1,2O7ieFvzTjXiQYI2jT/+eQ
DA:304,1,RsS4kXotmWGq0TVgLKvn0Q
DA:314,1,8TNrY+sBYtqRFc9IWNKxXA
DA:329,1,ISygfUu9Ky7Zo0zQmNlJFg
DA:336,1,x0moI+FLkzXz41X9HVr/CQ
DA:338,1,Bdy4v+WRgVehUM+thl+86A
DA:339,1,IASPV+sJLanonxDn5lM13g
DA:340,1,H33bMrR2+cc9n8qtQLCttA
DA:343,1,3bELX2ss2lzHqKygqbd1Kw
DA:345,1,z32VO8Hr5P0VGq0LoYYaLw
DA:346,1,3Wz6wvRilXu/3z8HAk73uw
DA:347,1,ZJThoTnGH1e/hNReGHATKw
DA:348,1,iFX+HjwXn1vPL5z7WVwPnA
DA:350,1,Rka7fH+MdolU/DB0SXzV+A
DA:351,1,IASPV+sJLanonxDn5lM13g
DA:352,1,H33bMrR2+cc9n8qtQLCttA
DA:355,1,u7zgFBwLBdiE43lP4qEH2w
DA:357,1,eotfoVzwDcIURcyNzYvzxw
DA:358,1,ssIaGMmno4T+/+wDXjMFvw
DA:359,1,8/KDXO0QCLGOigTxkCMvJQ
DA:360,1,epB/QBZwnN26YWrxGx5hzw
DA:362,1,XJSI5T6awgErtk/E7gIW7A
DA:363,1,IASPV+sJLanonxDn5lM13g
DA:365,1,64/7DQx7Zlrd+5spS3ulfg
DA:366,1,UOZn6SY9HiP8k9vud2cDhw
DA:369,1,RY96K1T4DtuSAVyMk2rgTg
DA:371,1,RsS4kXotmWGq0TVgLKvn0Q
DA:395,1,8TNrY+sBYtqRFc9IWNKxXA
DA:437,1,3qM8j+GI1y7SwFNfj9YB4w
DA:438,1,uawFmpM/QMBd3GLtYFRe6w
DA:440,1,FlJdKEP90X3h/6GzDord3Q
DA:441,1,IASPV+sJLanonxDn5lM13g
DA:442,1,64/7DQx7Zlrd+5spS3ulfg
DA:443,1,yLI/VJLOggwMnBA+ZHeoxA
DA:446,1,r496lrY5baF4E8zT6ctDpg
DA:448,1,J/XtqNPvu3sbsDd4m8xZag
DA:458,1,64/7DQx7Zlrd+5spS3ulfg
DA:459,1,zH7Bp3wa+V7DvC1yguK03g
DA:460,1,zUGAzrYQmBjC+qWMWjlT8Q
DA:461,1,bXE4zUx0NdV6BghzzDOcCQ
DA:462,1,hr02dHfwhatLpnGrwI5OGQ
DA:463,1,EU+vLqrjT3OiqPt404nzLQ
DA:464,1,g9re6JKfUXhfkUu1w8GEzQ
DA:2,0,/ykIR3TlztXnf3DY+/GfxA
DA:16,0,TPhS8bZwIgPlyHHhLYExtg
DA:17,0,7Xd4Qn1501pdx6WlogquWA
DA:20,0,HUZdFS/GRYkVCcKBGRIM1w
DA:21,0,0g+/jmRlv3tSDDtRbj4JzQ
DA:22,0,+oQnxdriwiOysJICBHagvA
DA:24,0,m8H+Rd65Pc4XBuFM/oG3TQ
DA:26,0,n4R05e/q1BVqoZ37JaywpA
LF:110
LH:102
end_of_record
TN:
SF:src\tests\test_truss.py
DA:1,1,xQVNdxAJxuGw1z9RcZmDQw
DA:4,1,zKtSbkoU8xVwxsmuphubgw
DA:5,1,6EqVyswJtxIE+9LVqyxOlA
DA:6,1,IWWjrCeOtk8NNtrE95++2g
DA:8,1,/6BCF/ROSidz51ZAydY62A
DA:11,1,0D3qmMKHuWRN77FQHSCDdw
DA:13,1,z32VO8Hr5P0VGq0LoYYaLw
DA:14,1,3xo84+cb/RbEtfxbOtfc5Q
DA:15,1,rBVBmPTLKwkEiF1XvwgSng
DA:16,1,iFX+HjwXn1vPL5z7WVwPnA
DA:18,1,BU4Yao4hEjh9Zf9UZ9g7Dw
DA:19,1,IASPV+sJLanonxDn5lM13g
DA:21,1,V1Uc2JWD9ep0/SpfESXfAA
DA:22,1,nHIrpuWzKZR1QmGHI30oaA
DA:24,1,Gp7v3rCTyDD4jxOI/CLbiQ
DA:29,1,bhbL/vtNwpG5zONyuJj3XA
DA:33,1,/lYPC/dcde/38ZvOBYPoeA
DA:35,1,2sQd2qpi+58wLuds4mWb1A
DA:36,1,nt6JTfJ29hIsk3MdGLACPw
DA:37,1,ISygfUu9Ky7Zo0zQmNlJFg
DA:40,1,khp3Xd6L6fxMNqa9oyQlvQ
DA:42,1,8uv9JUw3ZS2AV2mke1encA
DA:43,1,IASPV+sJLanonxDn5lM13g
DA:45,1,V1Uc2JWD9ep0/SpfESXfAA
DA:46,1,dXZTKGop5/REk8x0mbC78w
DA:48,1,Gp7v3rCTyDD4jxOI/CLbiQ
DA:52,1,bhbL/vtNwpG5zONyuJj3XA
DA:56,1,1K/1MK+J1J78MFAs0u1u+A
DA:91,1,N2rbNIIZ0rC3GSJRQZv7rg
DA:94,1,lDoOvcBJq0o+5VWVvPPn6g
DA:95,1,3xo84+cb/RbEtfxbOtfc5Q
DA:96,1,khp3Xd6L6fxMNqa9oyQlvQ
DA:97,1,Ou3aTdNIiFWLQPWE17Pb6w
DA:98,1,H33bMrR2+cc9n8qtQLCttA
DA:101,1,64/7DQx7Zlrd+5spS3ulfg
DA:102,1,IeB4IcUNQghNhwP/OuxbiQ
DA:103,1,+qnmiDZEenGbK7zDFXCl2A
DA:106,1,YWrrHlEG4qlHZh1r/DiGTg
DA:108,1,lDoOvcBJq0o+5VWVvPPn6g
DA:109,1,3xo84+cb/RbEtfxbOtfc5Q
DA:110,1,POCpV4rfrdRwTCmGlcHdhw
DA:113,1,rDP+RWVJ4ZXDi/BBV9zNyQ
DA:114,1,ojrkcletHm4uW3XIAcKLyw
DA:117,1,+rSzO89/sbdjfEu6cljnQA
DA:118,1,Jq1GuQvw0YMBgN3hCKnbow
DA:119,1,wt3j7YNEFCaahhP1u79DQA
DA:121,1,Q+TtKcEXXLa3pc0Vn3nTLA
DA:122,1,Jq1GuQvw0YMBgN3hCKnbow
DA:123,1,wt3j7YNEFCaahhP1u79DQA
DA:126,1,GJFlPsJWLtKetOVO7OszFw
DA:127,1,BrjCglUDzbaRPA3hhwYkow
DA:128,1,c0IzudWRwTjPqFyy+VRJgw
DA:129,1,DSMnf+GsZr9Ln0x0C2uuuQ
DA:130,1,JBb/6d02+iZOtMrH6Y55sg
DA:131,1,hs5EDuOtv/+wUsT+mngiqQ
DA:134,1,873+c1u0XpqhNRg1m09VFQ
DA:135,1,WJ5gaIEoIhTUOna4H+ksRw
DA:136,1,nMGy3DFmuzSA66Jk+Y3Crg
DA:137,1,C7QTMcvEaIPc5ImrzjRHig
DA:138,1,Gp7v3rCTyDD4jxOI/CLbiQ
DA:141,1,Q/Ik5LtgCUuyS5EBDQcV9A
DA:142,1,Gp7v3rCTyDD4jxOI/CLbiQ
DA:145,1,e/wC14A9YORvK5H55RJr5Q
DA:146,1,Gp7v3rCTyDD4jxOI/CLbiQ
DA:149,1,9R6AV1FWyd+lsDOnB+jfQg
DA:150,1,Gp7v3rCTyDD4jxOI/CLbiQ
DA:153,1,AGF41gindLiUOe5+2NQrYA
DA:2,0,/ykIR3TlztXnf3DY+/GfxA
DA:30,0,zC/vQ/7iNFNhXRj9uvlg3w
DA:53,0,zC/vQ/7iNFNhXRj9uvlg3w
DA:60,0,EqFGnUuwDmRmm82rl5J93w
DA:61,0,AE2fp+s8um6oZATN3Qg/mQ
DA:62,0,0UyBVZwL7MWTiAgSsAy7lg
DA:63,0,cQIH3NGD3pqVbIJGXbe4TQ
DA:65,0,+m8cDO9BxPCb7l1kpGqORg
DA:66,0,AGF41gindLiUOe5+2NQrYA
DA:73,0,Xpp/ZBGAASQcR+FJwuGo3Q
DA:75,0,J/XtqNPvu3sbsDd4m8xZag
DA:83,0,Gp7v3rCTyDD4jxOI/CLbiQ
DA:87,0,bhbL/vtNwpG5zONyuJj3XA
DA:88,0,zC/vQ/7iNFNhXRj9uvlg3w
DA:160,0,sPvx0p1Fc1OlgUiIH+jOig
LF:82
LH:67
end_of_record
TN:
SF:src\truss.py
DA:1,1,1+9wdnNK6ERHmSA06tdyPQ
DA:12,1,jEc91tz0B1b2beSYnS+UDQ
DA:13,1,uqQzsyLE2snBclOsmsd0qA
DA:14,1,/6BCF/ROSidz51ZAydY62A
DA:15,1,OaTlemF3bXMi5MP7Db8vkQ
DA:16,1,p7hNY1S5rX9QtYADf+cK4g
DA:17,1,7Z9Lj4ed27Wf2hBX6jooEA
DA:20,1,F5Wsr/VcJTCJjnjUU7vrsw
DA:23,1,R4w67Q5tbXeqFt1a7dygXQ
DA:24,1,FDv50hdaANDBTwnc/drSNg
DA:30,1,+cgyIVSclCF5GbpJaOlY6g
DA:32,1,/ZvqiDY7XVzMiSFdpC6ZCg
DA:38,1,QZC5bx92pekso+I460oyXg
DA:40,1,Nz6kaeu4IRPAxi523wc4hw
DA:41,1,BK+foMhfUltpwhLaXPLX4g
DA:42,1,MwRvzMbOe2b3CuuQani2KA
DA:43,1,6pRx4WiHLI8hrZ75p7xOyQ
DA:44,1,tmHwBLupTT1n+6B8k8fQrQ
DA:47,1,CLstt++CQHAES0VpeNyjew
DA:49,1,/ZvqiDY7XVzMiSFdpC6ZCg
DA:54,1,4LgMgWBGno1n5MNJ8WRFsQ
DA:67,1,+wY4EGREzelXrmnoUFrI3w
DA:68,1,sAx19RihGpW7rKnlL4tLkQ
DA:75,1,BK+foMhfUltpwhLaXPLX4g
DA:76,1,crcwF91fhvus8TYndll0tg
DA:77,1,g7BzHJ7OC4IrzwY85p2EmQ
DA:78,1,0k5Db+EI3zF+jZSEovdl6g
DA:79,1,a0tW4+SjnRaI8UBuXnoERg
DA:82,1,lNoLy+SxOMsvuwvBRrN0/Q
DA:86,1,96lKKKVC+2kZCEr3SmpQNw
DA:90,1,fWiyLanUdvNtTebeOd3JRg
DA:91,1,a4ujvjaMe06yw+qK+bjM6Q
DA:92,1,8kf4PY10WEgZY6XoNWvpfA
DA:95,1,rUDyZtQm2sm1g1rbHg4seQ
DA:103,1,PqpwqTlC5dtIi6zLldVebw
DA:106,1,eP9rzI5Fbk2FXKt+dQoPOg
DA:108,1,Ff7J7ftWGiJevWgNKN49xA
DA:118,1,WcS5ZLuks5rR0pa4g2NQyA
DA:121,1,bE35tIVMkfClZtId76Iylg
DA:122,1,eH2mvx3MuMOymXdMog6jKw
DA:127,1,07nDIV4vxMPa1jY95dxfYw
DA:130,1,g3xDBaj2HOQ3ra6ej5E55A
DA:133,1,gq070CQg8FE70uVN45Njdw
DA:139,1,UZJkRlio4AmJ+deuG24IsQ
DA:142,1,L3z4tzh/ojB/PQ/YwiWwZw
DA:144,1,bi3/VkcqYneQC0xpC5PwIw
DA:147,1,NJjKkbyP6egydcZdL0/kSA
DA:149,1,/ZvqiDY7XVzMiSFdpC6ZCg
DA:155,1,4LgMgWBGno1n5MNJ8WRFsQ
DA:164,1,BK+foMhfUltpwhLaXPLX4g
DA:165,1,R/woQbs1cvonVDOviIlQuA
DA:166,1,A/5CbLlcseUU2Nm1HDnsRA
DA:167,1,838CYrzyEJXDNbJphoBVcg
DA:169,1,CvEWKFgF+EXeqVpNQISFcg
DA:170,1,bESsiohqO0baVbC1LNgfJg
DA:172,1,WUXFPYJBYmUxJo6ju51DRg
DA:175,1,dzUWO1wTYeEhiRTUmOUv3g
DA:177,1,/ZvqiDY7XVzMiSFdpC6ZCg
DA:181,1,4LgMgWBGno1n5MNJ8WRFsQ
DA:197,1,BK+foMhfUltpwhLaXPLX4g
DA:198,1,R/woQbs1cvonVDOviIlQuA
DA:199,1,838CYrzyEJXDNbJphoBVcg
DA:200,1,4Gz9zi8jWg6p5li+oZvQ5Q
DA:201,1,rLotz04gdJSH08tPIcftzg
DA:202,1,KDzK4Theo5BMNaQ4ezCAMw
DA:204,1,RKjkfANaEKx80h4Q9q4jEw
DA:208,1,t/5CcICSJBraDiSh7ohsxg
DA:212,1,zxCPR+dnmFt6wuLQjIKD2w
DA:213,1,/FL90sU1qjnK4Ca7KmkU6A
DA:215,1,HlMhFxRXu29IZvQFy1FgcA
DA:221,1,BPvMktfudhxRxRgFotBEbQ
DA:223,1,/ZvqiDY7XVzMiSFdpC6ZCg
DA:227,1,4LgMgWBGno1n5MNJ8WRFsQ
DA:233,1,Nz6kaeu4IRPAxi523wc4hw
DA:235,1,znoIckRrtiQjDuJdKL+YNg
DA:237,1,nrrlHNM3i7NQB8oatm9Cdw
DA:238,1,xvWIcpcyNr0gyGcTkdMxXw
DA:239,1,u133o8V9s+Rq4GFV4OczvQ
DA:240,1,bGNfk2BK47CN8dgabiCqQQ
DA:242,1,Aqtrzf4i6Y1hjAMbmr+Byw
DA:243,1,vP8Y4JMEjIK1rJ9gng5zCQ
DA:245,1,ZPUK5IjnSdyNGxPd6pOPZw
DA:248,1,7zNOhXUUpMPTkpjhCDF3TA
DA:258,1,jSvgqUM2OjgIlPqKL9o7Bg
DA:267,1,leWPu3a92U46XgI3/MVg5A
DA:268,1,cVPFhYwkuYGO0Af6pDolhg
DA:272,1,QpBWu0oNr9k3x+SLHRhcgg
DA:273,1,1OTOoHTyo9rxiSSROrjkcA
DA:277,1,gYRjQ+EUUtEoufFGWQJK5A
DA:278,1,5TDtjaJwo9z1EWGy9u1itg
DA:279,1,oSDhXkg7u4ldkq8/Rn/c1Q
DA:280,1,3SJyd6/sOA3Fapn7wra7HA
DA:281,1,rI7ExbPWLU+tsp8gxzyKrw
DA:283,1,LAegpgNNOkHpRWcWt1ob/g
DA:289,1,2JGYO1bKmAJ1Ug6ccAexqg
DA:291,1,Oy0kALy+Rg1a1Zw0J10gWQ
DA:292,1,iInniT1v12pOKUYGe40t6w
DA:294,1,KG0OVIiUtOKO0SrZRNUO9A
DA:295,1,OfjUcVqB8G6HuyOqlBUfbw
DA:298,1,R9tfbNhtlo3UaxAKCezj8g
DA:299,1,QhSuIGZ5gAgY+Podn7tsgw
DA:300,1,UYSnm75j+vKVT+pKAOvbyg
DA:308,1,DBB2b2sCSCRSkZBLVseSzg
DA:310,1,pVZzqaI6z42P1yTpU5Vz3w
DA:311,1,tg1j76T87ly78+DxcEoSdg
DA:319,1,iCHI3sdhFmwO4ZZaE8qyWQ
DA:320,1,OEeh48F8rlTvrdsjCgSH1g
DA:323,1,tg1j76T87ly78+DxcEoSdg
DA:336,1,797nP8Rs0GSBl91wxh6M2g
DA:337,1,/ZvqiDY7XVzMiSFdpC6ZCg
DA:342,1,1TjFzbcTiZdl8pcUG7H/9g
DA:350,1,jt085UNNqdhzxz0PqFj94Q
DA:368,1,1UPYROzv+MIKkBUbt7ZgbA
DA:369,1,v9fn6kUxUNI7rJEGOHZhOA
DA:373,1,FvUcvwh3vUx6keln++Sg4Q
DA:374,1,zFLkf4OvGmtVEzqu+3k0fA
DA:375,1,10kx72lPqm7NFm2Lt6ULmA
DA:376,1,S/CchVqq/Jiry/vYpvSdyg
DA:378,1,cdOlCmFnXMQ8guR8WrgPMA
DA:379,1,no2kabjKfD8hwAEBrJXygA
DA:380,1,CLuOsSwa8/UQZ3NNMtb7WA
DA:381,1,3sBiSb85zV/weHYYhhMpZA
DA:383,1,LlXKeWlLhvr1kHPOhf1IMg
DA:389,1,6oMIMiQIeCQoHGBqgDWJSQ
DA:392,1,JpY27vwjI33L+tsnpLQoZQ
DA:393,1,VVXckzegivZf+f44lb8Aog
DA:394,1,Hk8dBcS8KCEHUYNcgnUq9Q
DA:395,1,98RvxmOJNwZk8dsERt43DQ
DA:396,1,O3mdRTcS5v5UklehQP8NFQ
DA:397,1,ja785vMkP3e4a45qYMAiBQ
DA:398,1,mTSnTt23p/x9scSdmbjb0Q
DA:399,1,kmgy+huSlvdi+313ADuy1A
DA:400,1,7THbfeLtNXARLJEOTbdw9Q
DA:401,1,2q6UQaTor8ncszYiaEFCig
DA:403,1,lzRiPyasauPM6wC3BRwH2A
DA:405,1,S2Sa/Dpb6xa0FgsNNfeY2g
DA:407,1,/LOz3CuFoITTU5uvWgL0MQ
DA:408,1,w4g1cc9+9Fc3Ht+Wtlie5g
DA:409,1,IyEY9EqHQ3rS8tntQDkctA
DA:416,1,rj2li0nuIIJgkaqrVFaYwQ
DA:418,1,hcK2yy0o7ugD91QVUSxuIQ
DA:420,1,/LOz3CuFoITTU5uvWgL0MQ
DA:421,1,w4g1cc9+9Fc3Ht+Wtlie5g
DA:422,1,IyEY9EqHQ3rS8tntQDkctA
DA:429,1,C1aNpHrMpcrAvviMenie6A
DA:430,1,bAb8g/xQL88GgLyDLemwMQ
DA:431,1,hR0AH7wAHPmjvlHelM4+uA
DA:435,1,oFh3f/zFUIdamOo7iHyRQw
DA:436,1,T4+gsx+cjaa18S/FusTE3Q
DA:437,1,bAb8g/xQL88GgLyDLemwMQ
DA:438,1,hR0AH7wAHPmjvlHelM4+uA
DA:442,1,PrQaL7YaGkQTxSTIuizqPg
DA:444,1,7lKJrWNMwCc2EXHnCrTPyQ
DA:448,1,q0ElIqitYdld2cm6CpKlYg
DA:480,1,xska3X3PCooFs6qiXF0lRg
DA:481,1,SDn510CUVWyqDzM7a4Jj0A
DA:482,1,64p1oX+3WszhGbLQ8TX7tw
DA:483,1,0lMpqbzY7rafOJNVl3ddTQ
DA:485,1,xjcDBnSwra0OiNOAYAwoHA
DA:486,1,8I/mbVqrnYMBFkN4NdvJcQ
DA:487,1,g5029+NRqP1dZ8zL9wkK0A
DA:491,1,r032SowmFqVf9Arx8bs1xw
DA:497,1,KMXTIxcLNjbdBsYihUcImw
DA:503,1,qfWkKWfLHuRHo0NlRpy0MA
DA:504,1,ffKreVu2P9lxJTZcP+UYnA
DA:506,1,QDbZN/5xN9RZ0x2KbnmLmg
DA:508,1,Ax99IduTVMUsrkaylMt/jg
DA:515,1,PVxlJtIjJMwxUZAeHwpPaA
DA:517,1,eq0WQpg39BaeiTuFbMOLlg
DA:518,1,6EuGcNsBidg5qRFe2ikWrA
DA:520,1,d1m3XgsB5EZhAGz99CIHxA
DA:522,1,Q3wyFRkjzwFJJMRxUlwdLw
DA:523,1,hRpatYNgR5qfBbNXlaz3oA
DA:526,1,4rnjLJyAqxkpu5zT9Sl1Ew
DA:529,1,LzDzNTFud6ZfgFcqrbjmgw
DA:531,1,ackOWdJx2/IgtB/ELuvQJg
DA:533,1,Gtioi4DNjkZh+DCH+rDo+w
DA:577,1,uc0LoL2PNS8nI6Vr4M9RmQ
DA:578,1,IKXXsKR3A42N5ZOAPi5e/A
DA:579,1,qncDeN7INFiPJk3J8mk0dw
DA:580,1,KeJKw9hspEJRvV8Y5If5EQ
DA:581,1,T0GILM17R5PKFCpahxvgsQ
DA:582,1,ZVKnYpBz/+6j+SYUtp6fTA
DA:583,1,Eub98dwZ4PyYJhKFql0zAQ
DA:584,1,inbK2DGtM42FN4sennaD6Q
DA:585,1,Cnz24zM27H25Duz4FAEMvw
DA:586,1,FwQsz2A6JT4S8FVYJUk8Kg
DA:588,1,xjcDBnSwra0OiNOAYAwoHA
DA:589,1,QIXZFCHBbR+68MRPtTgPSw
DA:590,1,o7tvNiq40uwo8eP+lY5kyg
DA:591,1,LzDzNTFud6ZfgFcqrbjmgw
DA:593,1,r032SowmFqVf9Arx8bs1xw
DA:599,1,qfWkKWfLHuRHo0NlRpy0MA
DA:601,1,QDbZN/5xN9RZ0x2KbnmLmg
DA:604,1,hRkXw5RZude/7fYSWXQ3mQ
DA:605,1,LhuXYi3dtjKjbzdHOxTxWA
DA:609,1,rOcAMjGGRl6h4zye9SDsuQ
DA:610,1,Q371gFvFeiyf0j7QL5cewg
DA:611,1,MGIBeOp6BKNJRUI9bxixPA
DA:612,1,O/d2PbvdUyvR+NHKl1dmyg
DA:613,1,4liifraVKec1kooi1sPmhg
DA:614,1,BYW0nvQXlSFIgE7xioJSzQ
DA:616,1,S8Xh1U9jsc4MQIsggzsSbA
DA:618,1,hRkXw5RZude/7fYSWXQ3mQ
DA:619,1,Zx5QkBppUH+es34gpcGGWQ
DA:620,1,Ctq/2v7XNd4xwOgmLSahCg
DA:622,1,S2eY7rUUvHzfroM0lmQOOA
DA:623,1,oIsi+ZLjnA8aIR+2PL2m8Q
DA:624,1,mM4iU1DVM1gwecyEhJFhrw
DA:625,1,p7k96JNTLQyAGTNtvt9D+Q
DA:626,1,fQHHMqhy4kkj3ZcnMH4GbA
DA:627,1,X+tJ0twD1JQWToRCoM8fBg
DA:628,1,RV1UWVffHP1LWyRAi3P/rA
DA:629,1,ClSuBsD/JiPuwHui8L3lMA
DA:631,1,AgZ0gnpCAD0y0C+QYBvLYQ
DA:632,1,Moe0pPUPLNfkw297AFGYZw
DA:633,1,pxtarePGHDcSksUUUbEpYg
DA:634,1,8XMdKXPgkk/xJxBgyPh82A
DA:635,1,fQHHMqhy4kkj3ZcnMH4GbA
DA:636,1,X+tJ0twD1JQWToRCoM8fBg
DA:637,1,RV1UWVffHP1LWyRAi3P/rA
DA:638,1,44YHCSkHtkDTOXc/JeOiwA
DA:640,1,S2eY7rUUvHzfroM0lmQOOA
DA:641,1,nqS/WqiRrR1Ug8g9KDta9g
DA:642,1,noAL/2Aq9wHOV6+GxdUZzw
DA:645,1,aUyp0RFSenTQD6NwMNuVwQ
DA:646,1,2lPIQq1xNNBcGSxY9hWjGg
DA:647,1,sgc6WmPcwhONaXbYGzJUiw
DA:648,1,fQHHMqhy4kkj3ZcnMH4GbA
DA:649,1,X+tJ0twD1JQWToRCoM8fBg
DA:650,1,RV1UWVffHP1LWyRAi3P/rA
DA:652,1,Tp3SG4UNwdxInMEMs2NbHg
DA:654,1,0aImwTZNHSyusttL7xWYcg
DA:655,1,8vBP7drn7EqcXQZvrV5G8w
DA:656,1,3s3HcOh6nSRpMt+st9b/xw
DA:659,1,MFW3d1NJy5JYwM3LfjFlfw
DA:660,1,X6/OOgmUDJKd76sfOp2tGg
DA:661,1,YmFFmozkQ0rtJAJPzXhTfg
DA:662,1,O/d2PbvdUyvR+NHKl1dmyg
DA:663,1,4liifraVKec1kooi1sPmhg
DA:664,1,BYW0nvQXlSFIgE7xioJSzQ
DA:669,1,ackOWdJx2/IgtB/ELuvQJg
DA:671,1,MlFPrYrjrkDVC5obbEcaUw
DA:704,1,xjVJF/4kBwPbmW/Ku6DalQ
DA:705,1,HPqyC/jKBrUWIbpxttQCEA
DA:706,1,8v3szDnsxAKw0bX5PevhCA
DA:707,1,XonyZ+F1MbfuimbQgz95Gg
DA:708,1,swuuSfSu1IcdKbrNt5DGYw
DA:709,1,yz2uGP6EpeIWKmOIReycxg
DA:710,1,6UMo9Wk5F9sNUib6mcVy2g
DA:712,1,xjcDBnSwra0OiNOAYAwoHA
DA:713,1,UNXeiZYXRoM9AZG4sMa5RQ
DA:714,1,o7tvNiq40uwo8eP+lY5kyg
DA:715,1,LzDzNTFud6ZfgFcqrbjmgw
DA:717,1,r032SowmFqVf9Arx8bs1xw
DA:723,1,qfWkKWfLHuRHo0NlRpy0MA
DA:725,1,QDbZN/5xN9RZ0x2KbnmLmg
DA:728,1,rxpzgnGayZBVnMxBtQkTfg
DA:729,1,q2hCKSC0GgyLU3bPsSNV6Q
DA:730,1,qAaaMALLm7j3fNyJ7rwTrQ
DA:731,1,DA5wQsAKxbqxiHEkGBoAXQ
DA:732,1,i4y3r6sjKLy22YG6mK7WuQ
DA:733,1,LSAkVuU2mXJqRR/k4bH8Nw
DA:735,1,S8Xh1U9jsc4MQIsggzsSbA
DA:737,1,rxpzgnGayZBVnMxBtQkTfg
DA:738,1,zFaupV21b0+wqJK083tY0A
DA:739,1,6O565onNA/7+Cs73YZOPqg
DA:741,1,crdasAD8VBBLNqKbPPZWjw
DA:742,1,UiqVY87TeEE6ZpQuVWYCaw
DA:743,1,0fqxMw4Qd4+jYG7zkaspAw
DA:745,1,jolSK444Stv77tqFy9q5uQ
DA:746,1,hKy24LrulYDJ3BYWWKpmwA
DA:747,1,i4y3r6sjKLy22YG6mK7WuQ
DA:748,1,LSAkVuU2mXJqRR/k4bH8Nw
DA:753,1,ackOWdJx2/IgtB/ELuvQJg
DA:755,1,KBRtyhkvg8BS0Oe8RAO96w
DA:791,1,hCWymUaP+2CGuhvGxN8Syg
DA:792,1,TfGnLwvpiCNnEX4phOZRxw
DA:793,1,1Pp5WHtndSsA3myNadTcCA
DA:794,1,5W7YMqR6iFiLrdiQLiGb7w
DA:795,1,absWf4wsSaNiskENr8ljUg
DA:796,1,+2925w4FKjG+ndjG3X2p7w
DA:797,1,LbWIKepig6h1tQz4jTt0Jg
DA:799,1,xjcDBnSwra0OiNOAYAwoHA
DA:800,1,Konz98D70Ep1oOQ4zA2XDw
DA:801,1,o7tvNiq40uwo8eP+lY5kyg
DA:802,1,LzDzNTFud6ZfgFcqrbjmgw
DA:804,1,r032SowmFqVf9Arx8bs1xw
DA:810,1,qfWkKWfLHuRHo0NlRpy0MA
DA:812,1,QDbZN/5xN9RZ0x2KbnmLmg
DA:815,1,N8r1xfGIXYlI701Q64jGIg
DA:816,1,q2hCKSC0GgyLU3bPsSNV6Q
DA:817,1,qAaaMALLm7j3fNyJ7rwTrQ
DA:818,1,q2B75PvEc+f2VfX2MEk1KQ
DA:819,1,9bgnIF50TUuMdupfNL+Cyg
DA:820,1,i4y3r6sjKLy22YG6mK7WuQ
DA:821,1,6vw/E/TsG5q6CItDcxnDMw
DA:823,1,S8Xh1U9jsc4MQIsggzsSbA
DA:825,1,N8r1xfGIXYlI701Q64jGIg
DA:826,1,edXrnyE9/5prUwHuwNeKSA
DA:827,1,Ctq/2v7XNd4xwOgmLSahCg
DA:829,1,KIi7vC8hrvtXh7ybou+oYA
DA:830,1,5TMJflyq+2WFR99EWA7XwA
DA:831,1,ugbDaIcnbuK9vK/cKTJs3g
DA:832,1,2snQDnEF58RMDQwULLHUlg
DA:835,1,ClSuBsD/JiPuwHui8L3lMA
DA:837,1,Gf7FLLb5jd6pvxPidMl6Bg
DA:838,1,hKy24LrulYDJ3BYWWKpmwA
DA:839,1,bceNefSUq6xMtKMwi4Iv+Q
DA:840,1,ugbDaIcnbuK9vK/cKTJs3g
DA:841,1,2snQDnEF58RMDQwULLHUlg
DA:855,1,ackOWdJx2/IgtB/ELuvQJg
DA:859,1,DengMM6qiZBaYmHGuecYvw
DA:867,1,biAVpNMOameItQ+WQe8uAQ
DA:868,1,hbtPuNuv/6zVVuBBSs7Slw
DA:869,1,qEBhF4lPpG5wW4uAQ62TXA
DA:871,1,/CQXIkZY5KwqpsQUcvM+sg
DA:872,1,QITy7eFC0RulXhsyDSZT4A
DA:875,1,2GUITFQbx6c+JcRh/2sUjg
DA:876,1,t2yVMuF0gO+dsgRnZba4Mw
DA:877,1,ZHmPh3OCDOyugTVYb8Uzng
DA:878,1,ZFNek+DmjiNpluwb2lRV9g
DA:879,1,5C55zQqeVFAHyr6nqqfRMQ
DA:880,1,zGonkAIvowX+2qQWIQCfXg
DA:881,1,L4g6f2y5GkVkt77y/ZvR0Q
DA:882,1,q14bfygm6ONlwqSGS7UshQ
DA:883,1,D0KxFk9Gcw+EhrVNxzXiSQ
DA:887,1,eIB/YgVVIi0QPiCASh3erg
DA:888,1,0HPLgeBG4pAIXFdFa/YM5A
DA:890,1,TVXw9mYkMT1ycd4mALELCw
DA:893,1,q0vc7uHB+0c4AlXqZkaS/w
DA:894,1,8wAOaiDPrkMPpNAm8u9OgQ
DA:895,1,0qCKn7ZY+QyooEzb7xI9Xw
DA:898,1,ZeGBiL1UKOnDHBil+Rdcew
DA:899,1,wHyi5Oa+xj1F1odUCMf4mQ
DA:900,1,Rx6Dzbrob2ijAOSiQvicZQ
DA:904,1,QmTuXCwPlkcGDKh5TlCOxw
DA:905,1,O1DGeL1B6ckkxbhCLXbgPA
DA:908,1,i06JDU3VsJjW77VtQemYIg
DA:909,1,YFs1w98T41zvlc95Tg5Rzw
DA:910,1,R5p9e0p4EBodfORxeFnraA
DA:914,1,e6bJ+4RpRlll5s8W/QqWnQ
DA:918,1,LfSOnIB9K885MMpoOw0wIQ
DA:919,1,0HPLgeBG4pAIXFdFa/YM5A
DA:921,1,28NYtePxNseMYJwX3+r1Ww
DA:922,1,DqH8fYydpYtlbUkelcSngA
DA:924,1,Iz5YHVTqVCHBP32B92sgmA
DA:928,1,RkR28nX5xkpb8YTjdGyPJQ
DA:932,1,v/uTGElohURqO8Czk1TA3w
DA:933,1,RkR28nX5xkpb8YTjdGyPJQ
DA:937,1,v/uTGElohURqO8Czk1TA3w
DA:940,1,UYqU/ix8r8VQyqyItVYLpg
DA:941,1,DbSavSPRyeaFBqybzQOE1A
DA:942,1,+7inEBBRS65y7TsY2D224Q
DA:947,1,RkR28nX5xkpb8YTjdGyPJQ
DA:956,1,utRFco43lk32LOnJjQFC0A
DA:958,1,RkR28nX5xkpb8YTjdGyPJQ
DA:966,1,pbD3wY1uc2iVWNPd+YpuJw
DA:971,1,bc5JmyZ7kYnc6QG4gPjfJw
DA:972,1,6t5Mt3rC370GvT0A6FkHHw
DA:973,1,aWk3dDqLPoATEZv/KMuL/Q
DA:974,1,MuD/kAJKCeKTPvOHsV+BIw
DA:978,1,U0R7rS7y3ruwMQFkdlwhnw
DA:980,1,4Gcc5dGNgur0PfwBvAJx9Q
DA:981,1,aT+CQy5oMgxlNP7aESKOLQ
DA:984,1,ncG1tpvd+2+J052uV806Bg
DA:985,1,qiy4PyyyUpNvvWDLYxRuQA
DA:989,1,87L3zi4BIsQLw5Gv3LBMTg
DA:990,1,pd9V+wlycSG6OcAtiudQ9A
DA:993,1,jiJtXdsWpeDzrCNH96lBmA
DA:994,1,J/NzAUUuy+uW5kKiYbGb+g
DA:995,1,KNx/PVNNu+UeEAZLSPlfGQ
DA:996,1,1oq35g0ggoDbxz9bHui6Sw
DA:997,1,vEPnOl19Xv5gl+PSzVfEtg
DA:998,1,ODiCoYg26IJbXPEIshKTtQ
DA:999,1,KgnB99C9O/WbNjzfRScgtw
DA:1002,1,Vm1CNdL4FlI6ggorgkuW0A
DA:1003,1,i/+tbJBU3AgERuZIBoMEFw
DA:1004,1,Xy02NTO5JORq0brTjcGLwA
DA:1006,1,7yOrEp1RtK3uqbruUXxwVA
DA:1008,1,eqbXBPv2ES+sqKXPKY+Ruw
DA:1011,1,+HGHGKzZBVCw6RQyaWJvAg
DA:1013,1,oMEil5jnqR/xuJFQUR5GdQ
DA:1017,1,Yfffm1xTUXC1A9WyaWMksQ
DA:1018,1,ONFPB/+Xt2aXUC2ZgZplEw
DA:1020,1,4WgoojaHfj0/qbM08D4iTA
DA:1046,1,OAQrweN+/zDnkIumHZw4rQ
DA:1059,1,2JLM8CrRbW2Lo1uQTaJ1pQ
DA:1064,1,n318zijopY4klm8OlAz6ew
DA:1065,1,SImwNXw2PJ3jbI6fFJKMYA
DA:1066,1,/1h8mNgOTbf4pWiPk/POHw
DA:1069,1,lEZtBeHqZ6FquXH3R3Baog
DA:1075,1,sin9GnRX+WngEDqK0YD3UA
DA:1139,1,GkLgrKPIrlRrnj6UHOdUfQ
DA:1140,1,APFkQxhSDH4PYpq40OqgQw
DA:1144,1,KxgaGtJPkScc4OG7mJ59vg
DA:1145,1,nUxpKCVzQ6a6x4Yzkvp+sg
DA:1149,1,U+sKbE+W+4VfP8ygyyIIlw
DA:1150,1,x0zEYrHaH69e5vOIRtPWlQ
DA:1152,1,nZmUcGgDi2smouN4J+XXBg
DA:1154,1,KxgaGtJPkScc4OG7mJ59vg
DA:1155,1,uV8NW+QBVekiePxYsFkTLA
DA:1161,1,U+sKbE+W+4VfP8ygyyIIlw
DA:1168,1,xFrbOGpTPq98OhW9uFmMjw
DA:1174,1,KxgaGtJPkScc4OG7mJ59vg
DA:1175,1,TOKuX8ofSQlge4RQJnEjtQ
DA:1182,1,U+sKbE+W+4VfP8ygyyIIlw
DA:1185,1,C2qfnI1rzxhtE2Cpag3PKw
DA:1187,1,KxgaGtJPkScc4OG7mJ59vg
DA:1188,1,mIZCSckHA9u/qY9yhSZxCA
DA:1196,1,U+sKbE+W+4VfP8ygyyIIlw
DA:1203,1,xFrbOGpTPq98OhW9uFmMjw
DA:1209,1,iL33jNT5cNRkMgPlb6AbZA
DA:1215,1,U+sKbE+W+4VfP8ygyyIIlw
DA:1222,1,xFrbOGpTPq98OhW9uFmMjw
DA:1228,1,KxgaGtJPkScc4OG7mJ59vg
DA:1229,1,Wv7G/mJ7cEaYn2hJ/Gsmew
DA:1236,1,U+sKbE+W+4VfP8ygyyIIlw
DA:1237,1,vxiLq9jqgyYFws91TSyEbg
DA:1243,1,RWxgtsQL/Hj4hKqHKPSUKQ
DA:1249,1,CMM27m85AkM5byR1KC9G1A
DA:1250,1,hNrYWqFr8zedO7Qzfd938g
DA:1251,1,paxAJ4zI8BLdbyTS4P/AQA
DA:1252,1,6VJTFJHeEYqiGu92TeEgdg
DA:1254,1,Dwjd91USmMoWKfkSCVg/jg
DA:1257,1,mObJqZlqpmMWxXFqizaXeQ
DA:1258,1,PdeqDqr4bOft68ON3+/7kg
DA:1264,1,lGqGcIIhxJeMA4eRsjBqGQ
DA:1270,1,o8or5qZyw8ancRHZNPoW1Q
DA:1271,1,/BdLy+VgBOH39cUCTbZNDg
DA:1272,1,zywcOOt2Dc1nzVqgLM4oTA
DA:1273,1,fZxyt1+UoC+5Ttgu07S4Og
DA:1274,1,Y/SBsxpwZsU6aQr7PiH0Bg
DA:1280,1,1YxumvRA0553vqPnK0AXdQ
DA:1283,1,AqyYXsTNEJfanOoGyyvWNA
DA:1294,1,DP89TjkTj8uiUR+jknpR+Q
DA:1296,1,rcIICCUCbEvzt45KbkFBgQ
DA:1297,1,YTyVJd+iFBTnQvFQHrejuw
DA:1301,1,VCm0eXTl2IOAiACfmJFRNw
DA:1302,1,wWvyVCzDRWfTVXhFZNNl1w
DA:1305,1,cVKYtaJfVrDwMfsecK5o6Q
DA:1307,1,KpzHeEqFN3yvdF2I/7kMwg
DA:1308,1,MJIsOJ49aks1oaOVlqCSbQ
DA:1310,1,g9JzwU0VkcZdWMVpeZocOA
DA:1311,1,LK//r+9FxwdOskPBKTX6eQ
DA:1321,1,NIYYPGrQUWPAY7PfzACrvg
DA:1323,1,NT4kyDQOKxbTy7YlXGM2Sw
DA:1332,1,2PBMg8Smh9X1SQnfEfFLQQ
DA:1344,1,2PBMg8Smh9X1SQnfEfFLQQ
DA:1384,1,QIsJhkhCzSrgz44niJ+/RQ
DA:1386,1,r8lFhoiSjJ82lEfVy+u36A
DA:1398,1,QIsJhkhCzSrgz44niJ+/RQ
DA:1399,1,8xK+iJsmz7JjKW9H4rpIyQ
DA:1400,1,JXnIGobyM0h/YmEoL02rgw
DA:1405,1,HNPpGAx8krRJhNCKj8cgBg
DA:1406,1,aKZO7m7Dfqp2N7EIyGFvbQ
DA:1418,1,mDodqd76s4CvsBxE9nW+ow
DA:1421,1,Monyu99zlsa8XbRzIEGNrg
DA:1424,1,0gtSvGOEb9p92ESffxJfFw
DA:1436,1,5tmkhZ6G1sWpw3HAq4KG4A
DA:1446,1,r+sIjBOOEowIj6LO0dvDjw
DA:1449,1,2Spf6hRKsgLuG5ApNVhwzQ
DA:1459,1,mDodqd76s4CvsBxE9nW+ow
DA:1462,1,0gtSvGOEb9p92ESffxJfFw
DA:1471,1,TqkRYV+XuNLUC3znPVWfRQ
DA:1473,1,aYvaP5qi/dRHzN6nFhLJjA
DA:1474,1,Hy20C7j89ti98vLeetWilA
DA:1475,1,3i2etFTbFiOuRggFHfSwSQ
DA:1476,1,8ZZViN3kzuGzZiJ0HMvFAg
DA:1477,1,7qjcJsyZa+zhrOAWOMv7hw
DA:1478,1,O0CyzO5g8vaDtjE84Ft8tg
DA:1479,1,ZTrgVyheUYCnevn8svb3Bw
DA:1481,1,vsk9h6ugki1ceIogpWzXIg
DA:1482,1,V14AyGbr1ARDlx9WahCSNA
DA:1483,1,2MP1RQ0CyXgxPPdRcX04aw
DA:1484,1,G363M+1wFbcgGaOhljwxYg
DA:1485,1,eV+/3ovO9FSSyptTwsKcag
DA:1486,1,OLqXOf0TDrM1j5KQ8Ek31g
DA:1487,1,vigf6avAzu+SjiVton4fIQ
DA:1488,1,bHfdUFjOM2lN/FewpFQcTg
DA:1489,1,RXC5nOqVOu/s0bUZNUUO3g
DA:1490,1,h7gpysV1Dt5Q//mB4SUy7w
DA:1492,1,ggiS4u9pr/plHpkE3JsLEg
DA:1495,1,qDyOyMGAqy+nM06YyryXfw
DA:1499,1,h88fVvr4vJGZ+krnxhzDRA
DA:1502,1,N2TWrvgNzxxvRITdy75dCw
DA:1511,1,GcK/eAmJQHZYtURne5KwZA
DA:1513,1,41RC71h4M28whOu19aNMgA
DA:1515,1,EHHRAZhZzVVu/ieLHW9rGw
DA:1516,1,WNoIQSMhf8KH7XyEHS2D9g
DA:1525,1,TMTiKT8BmeMk0EX9jjB6vA
DA:1526,1,A6E2pQOTYZCI1/4vLRtuFw
DA:1527,1,WVbAvkDEbZcmT4Grh/kiaA
DA:1528,1,iu4mohvU43pJXtMN6zzQMw
DA:1530,1,ZG3ZIg6v8gb4uWDZjZX+tg
DA:1532,1,chYkehrBA52BRLrywnX8GA
DA:1533,1,GMf4NqtaT3ylNk3zzabmnQ
DA:1535,1,nG7500JukZ2saVZb9fyacA
DA:1547,1,Q+wDNISn53VOw7ukOKcb5g
DA:1555,1,46ig0lq+rnnK5wumisCRXA
DA:1558,1,d1qG9B+Hh4FRHL6WQRzxHQ
DA:1562,1,s2ItAnh7rG4iTa7adpgPTw
DA:1563,1,KDdU5myMQa7O3Vvm+t2GaQ
DA:1564,1,2CT66uBpKMQcbYm0qt2SgA
DA:1566,1,2q/ATeJ7QepgiBjnYjuEqQ
DA:1569,1,xQVNdxAJxuGw1z9RcZmDQw
DA:241,0,UNgEakfrtFH2705ZPUFFdw
DA:488,0,o7tvNiq40uwo8eP+lY5kyg
DA:489,0,LzDzNTFud6ZfgFcqrbjmgw
DA:492,0,HVyrBJ61ni9ux6MdUIeaUA
DA:498,0,HVyrBJ61ni9ux6MdUIeaUA
DA:594,0,HVyrBJ61ni9ux6MdUIeaUA
DA:667,0,LzDzNTFud6ZfgFcqrbjmgw
DA:718,0,HVyrBJ61ni9ux6MdUIeaUA
DA:751,0,LzDzNTFud6ZfgFcqrbjmgw
DA:805,0,HVyrBJ61ni9ux6MdUIeaUA
DA:845,0,suiawIdmg9oX8CXdZ8TwEA
DA:850,0,iHlE2P7ocfaD8iXxzlFjBA
DA:853,0,LzDzNTFud6ZfgFcqrbjmgw
DA:885,0,HRmYgrUgQRrlHMAQ7gWdXQ
DA:986,0,obhhxbRpMA2OzipwKfYFgw
DA:1027,0,HmmwNCmnkf91tRV3EGchSg
DA:1029,0,wG8+SCX72CmE8YcbH0prKg
DA:1030,0,sAx19RihGpW7rKnlL4tLkQ
DA:1036,0,ve2J9E4Kb5LrUrOtchi7Xw
DA:1037,0,sAx19RihGpW7rKnlL4tLkQ
DA:1044,0,AgQPAWSxmz2v9iHw4zs2uA
DA:1060,0,2TB3vSWRuckfjd8zFMwkeA
DA:1061,0,j4UIQFj/X2rtrTOYV4u9GA
DA:1162,0,IFbSuv6phgNZtBbNjSSEoA
DA:1183,0,Xl8VSAmFmHbaSi6vaBziZg
DA:1197,0,IFbSuv6phgNZtBbNjSSEoA
DA:1216,0,IFbSuv6phgNZtBbNjSSEoA
DA:1315,0,ZBqqmYcube1rIsIcmuIyyQ
DA:1359,0,NT4kyDQOKxbTy7YlXGM2Sw
DA:1372,0,2PBMg8Smh9X1SQnfEfFLQQ
DA:1493,0,fohzEawXQ4vxeXQ9heJ+xw
DA:1571,0,mMTEvriTuVbj3sbHsgAKFA
DA:1572,0,7Xd4Qn1501pdx6WlogquWA
DA:1575,0,HUZdFS/GRYkVCcKBGRIM1w
DA:1576,0,D40PKvnNrY960sB9nb5mNw
DA:1577,0,+oQnxdriwiOysJICBHagvA
DA:1579,0,ugWCAeFFqsNsQydr4ibKVA
LF:536
LH:506
end_of_record
TN:
SF:src\utils_truss.py
DA:1,1,IWWjrCeOtk8NNtrE95++2g
DA:2,1,S7y4sCZPz7Tt9orve1SZGw
DA:3,1,CzkRu6HMc+tByN18vGgyag
DA:4,1,p7hNY1S5rX9QtYADf+cK4g
DA:5,1,7Z9Lj4ed27Wf2hBX6jooEA
DA:6,1,/6BCF/ROSidz51ZAydY62A
DA:7,1,uqQzsyLE2snBclOsmsd0qA
DA:8,1,iFBy6XoFRzJH9tOWXOEK1Q
DA:9,1,4cCm6i28Vf95SUGCHimylg
DA:10,1,w+/T3avlaLnbhG9ACYm6rg
DA:11,1,JIiJvzs+1NWPkHpD9audUg
DA:12,1,2fdbfvSPpKaIODMF+f8GjA
DA:16,1,cu8IWxnSHCCTl4TP2Zo8bQ
DA:25,1,qRu5Nao9D8L2xMRF8W3i+w
DA:26,1,BUvoOTowOD78YyDRvoOFfQ
DA:29,1,ZSWTf+27pZbTQsA9NOdPYQ
DA:30,1,88+dCOX+X1Pxij84K42PCA
DA:31,1,kjKMXeSLutzw1pr0K6EQcg
DA:33,1,8TLn0Y+8IxFPLqBw5pZj3w
DA:34,1,VOe2f55MGKi2gI3GWCpIVw
DA:35,1,qpus2EqVQlee5zlHYUpe2g
DA:36,1,4DsezZGFGyzHUqcKtJh07g
DA:40,1,rqW5YCFvgSHmaArkneYuZw
DA:51,1,O631UMPNFGTtwj5OPt4mWw
DA:52,1,1ue1b7asBN+RgNNYJjO5RQ
DA:53,1,1y8jVWJXNHfudpyUOCiUlg
DA:56,1,ROa+TqeCytYeqRVRBDGU/w
DA:59,1,7fWrt3vEaD1Kgmg8NXrrKw
DA:87,1,W9kqFo0+5vUtYFuXH50NqQ
DA:101,1,StgvZErKjTV9kkXvxNfTvA
DA:104,1,dP0sCFFY9Js0u1gxfVhwPw
DA:110,1,Zzqrm9lyzQPbi+FSteF+2w
DA:114,1,boxbTvrI2XOIHoPOaslJig
DA:115,1,8xK+iJsmz7JjKW9H4rpIyQ
DA:116,1,rsahrTM0EsX+pjI3ZTwk6w
DA:117,1,dn8vPjdRAe4e8LLpnesx4Q
DA:118,1,zvef5v/4gTXJgy7jzBbkLw
DA:125,1,18J8FuZs1HpVn7m1JDQMFw
DA:128,1,U3X7vz/d2b+XY70fOdtMSw
DA:134,1,vaPNChWVYwNVD1/kX9TOaQ
DA:135,1,ckYLhCmm38rUGWiwTS9VAA
DA:136,1,q3OrjskUTDdtS0I9P67oxw
DA:137,1,GP4AHr4budGCP5RS30ifAA
DA:139,1,wvJRqo2wVJENG8vyhjymKA
DA:142,1,+ZdDEb94xtyAvpg5ieainw
DA:147,1,FZkWxpLvxUP7NlzPnYwk3A
DA:153,1,LMuyVSjRDOsl3qTIdL8lJQ
DA:168,1,Bvs1cksvbBzH1jzSV0VftA
DA:170,1,nnfjhOoLcqIkbWTX+tDosw
DA:173,1,r8lFhoiSjJ82lEfVy+u36A
DA:180,1,3dikGpUzmt35Eji09XVL7g
DA:181,1,NT4kyDQOKxbTy7YlXGM2Sw
DA:189,1,pbFVd00acpeCOlK89yHaTA
DA:194,1,+DRT7Bd64PHfjiu6HiL9Ug
DA:228,1,XseLgHZtQJ5G/GJNvzAxRA
DA:229,1,VaftnOaUYn75GC1FUB/m8Q
DA:231,1,NT4kyDQOKxbTy7YlXGM2Sw
DA:249,1,MnEpDihYJL7Y3ZrbArzamA
DA:252,1,tn0LVtLrdvCCiyZOfmbENw
DA:256,1,NT4kyDQOKxbTy7YlXGM2Sw
DA:263,1,OY1WDeo4y8WyE3jNVEdyYw
DA:264,1,Wxg+MJiOc9GLFdBETZDX6A
DA:273,1,hoeKyv96WL2ZM/xaApZ1sQ
DA:274,1,Vbvz3GH7zYR8eAQ+eUD6ow
DA:275,1,syiAapENfKMrRH+Jzctv+w
DA:277,1,NT4kyDQOKxbTy7YlXGM2Sw
DA:281,1,MnEpDihYJL7Y3ZrbArzamA
DA:284,1,tn0LVtLrdvCCiyZOfmbENw
DA:288,1,G/NNIG4BGcUJpQW/77EB6A
DA:289,1,2bTTrJ8faQ9ldgtHZbdRuA
DA:290,1,9dEH44MqJgIVPQejOd0OEw
DA:291,1,Wxg+MJiOc9GLFdBETZDX6A
DA:299,1,WmiqMp6QU8jYV3gydSI30Q
DA:305,1,CPX3pPU/q6grqP6oT1lKRw
DA:310,1,ho0ktv1MUKwRBle6efCA3w
DA:311,1,I436qfg9TqB8nBdEn30CRQ
DA:312,1,iCZrxC1UJfOJa6s8DFWu+A
DA:314,1,Ym7/fVs/jrQV+4YKRLbKYg
DA:316,1,tyT5vYnOeviYSxcGHBOIyg
DA:319,1,N5qoFSnakO8jnbNNEn/8qg
DA:323,1,QHf1hZWMwGyEHBAJoMQWqg
DA:324,1,5hLeZq1NT6ON7eLlWTUDDg
DA:325,1,SwaPXXnoU9BQQx/oMkYuDw
DA:326,1,NT4kyDQOKxbTy7YlXGM2Sw
DA:334,1,GxWv6lrlYUB2Xnvv872oHg
DA:339,1,N5qoFSnakO8jnbNNEn/8qg
DA:344,1,N5qoFSnakO8jnbNNEn/8qg
DA:349,1,N5qoFSnakO8jnbNNEn/8qg
DA:356,1,UFI9UtzJnCp412J++CCJaQ
DA:358,1,W2RLuMb4JmG+/cO0sptthg
DA:359,1,gmA6QylBeHsSQ9puIhk6sw
DA:360,1,Eqgp5I7cYKQHTXZkPOuJzA
DA:361,1,TdkEzm8byTc9rpdKcTV8Og
DA:363,1,d0D94thFdbEDvgsLWKUO9w
DA:365,1,lJtqSYxHjPhTPJefkevP8w
DA:366,1,dSJ6aztLsPVE45ymHQu+Hg
DA:372,1,Hy+s/Or/6HeniXYpbK+0Eg
DA:374,1,nTN4KzzfsxrEEkp5kb7+UQ
DA:376,1,FZgKk2chm8ioUq7zTzWOig
DA:379,1,HlaV/vknCvwqzRIrlX6VGw
DA:383,1,2q2OimcFTDTVVIUAsxuZtA
DA:384,1,zoiSDbn4re2Uz9zU++CG7Q
DA:386,1,msczn43JnBsDmZ0zNaViYw
DA:387,1,xGLj1oQiQUFem9tWQFh3SA
DA:388,1,ZXS/LMtzNf7kMJmDNA5IMw
DA:390,1,O1dkpP9tiDf/UoUWLb9OhQ
DA:391,1,Cf+EdiZufJS/yBkaCPDm4w
DA:393,1,VPOrXOFW5w7nOaom1mopLw
DA:396,1,tgM08XZexcgHpCO9bkFT7Q
DA:407,1,6G5F0UeuuFZ+jb5B4Dxd+A
DA:408,1,zNQLYgh3cz7E6wsBwjX8yQ
DA:409,1,icYSRctU6Rc68v8xDc9GzA
DA:414,1,iaMDwnTsJth1ZhjtqyTEQw
DA:415,1,icYSRctU6Rc68v8xDc9GzA
DA:421,1,B/Fo9U4/nMeRNS1JjGZVyQ
DA:422,1,pgBqiQX9A9/rH4UReG4QjQ
DA:425,1,3VsVJ6vUClh0vN1KtiqrbQ
DA:426,1,Y1gOSIm7hUHBAXdXpPPafQ
DA:428,1,NBUvQQDb9HAUW4h3m+9tDA
DA:431,1,45DDC+wABbsWP3/s2AdCiA
DA:432,1,4roGkOIj7UJjp02NpC65Xg
DA:433,1,RDA+vmQ8DQY3N8SpfZI/Sg
DA:434,1,/OD0FVV7aEYoC84Yl74Oiw
DA:435,1,jdb/ZGRy1pwYzMblwZ9XAQ
DA:437,1,qtDQp+shRDrXtCYPUtRcfg
DA:438,1,lKiZ6fQ5J0X5poTXLi1fyg
DA:441,1,MqC5NVwVb/BTzHEJxGkEMw
DA:442,1,24y4zj+a4NpYFM9Ey0OwGg
DA:443,1,muoP0T0mOAG4nBfHPriF/g
DA:445,1,bt834sSSEPztlokzJGlbGQ
DA:446,1,JvqQk7TJkDG5n1fFCzzsiA
DA:447,1,wrbW9JGEnwBAb53ab2LERA
DA:449,1,3hpQrEqrXBdNLUHmDEGWOQ
DA:121,0,XKEanUcT6PcJ0gNyx1+xbg
DA:122,0,aMuo+eQrMk+Zjvp85ARxFg
DA:385,0,qKe4EErc7g9sng4zsspVlA
DA:389,0,QCSObjHnw+EeDYGCD/RFhA
DA:451,0,id14lksOryBHZlakd8t0zQ
LF:137
LH:133
end_of_record
