TN:
SF:C:\Users\lnick\Documents\Personal\Programming\Projects\Simple Truss Calculator\Source\tests\__init__.py
DA:5,1
DA:6,1
DA:8,1
DA:9,1
LF:4
LH:4
end_of_record
TN:
SF:C:\Users\lnick\Documents\Personal\Programming\Projects\Simple Truss Calculator\Source\tests\conftest.py
DA:1,1
DA:2,0
LF:2
LH:1
end_of_record
TN:
SF:C:\Users\lnick\Documents\Personal\Programming\Projects\Simple Truss Calculator\Source\tests\test_truss.py
DA:1,1
DA:2,0
DA:4,1
DA:5,1
DA:6,1
DA:7,1
DA:9,1
DA:11,1
DA:15,1
DA:17,1
DA:18,1
DA:21,1
DA:22,1
DA:23,1
DA:25,1
DA:27,1
DA:33,1
DA:35,1
DA:36,1
DA:38,1
DA:40,1
DA:51,1
DA:104,1
DA:106,1
DA:118,1
DA:120,1
DA:122,1
DA:124,1
DA:127,1
DA:130,1
DA:131,1
DA:132,1
DA:134,1
DA:144,1
DA:145,1
DA:155,1
DA:165,1
DA:177,1
DA:180,1
DA:181,1
DA:182,1
DA:185,1
DA:186,1
DA:187,1
DA:192,1
DA:194,1
DA:196,1
DA:197,1
DA:199,1
DA:200,1
DA:202,1
DA:203,1
DA:204,1
DA:205,1
DA:208,1
DA:210,1
DA:211,1
DA:212,1
DA:213,1
DA:215,1
DA:216,1
DA:218,1
DA:220,1
DA:221,1
DA:224,1
DA:226,1
DA:227,1
DA:229,1
DA:230,1
DA:233,1
DA:235,1
DA:236,1
DA:237,1
DA:238,1
DA:240,1
DA:241,1
DA:242,1
DA:243,1
DA:246,1
DA:248,1
DA:249,1
DA:250,1
DA:251,1
DA:253,1
DA:254,1
DA:256,1
DA:257,1
DA:260,1
DA:262,1
DA:263,1
DA:264,1
DA:265,1
DA:267,1
DA:268,1
DA:270,1
DA:271,1
DA:273,1
DA:275,1
DA:276,0
DA:279,1
DA:281,1
DA:282,1
DA:283,1
DA:284,1
DA:286,1
DA:287,1
DA:289,1
DA:290,1
DA:292,1
DA:294,1
DA:295,0
DA:298,1
DA:300,1
DA:301,1
DA:302,1
DA:303,1
DA:305,1
DA:306,1
DA:308,1
DA:310,1
DA:312,1
DA:313,0
DA:316,1
DA:318,1
DA:328,1
DA:329,1
DA:330,1
DA:331,1
DA:332,1
DA:333,1
DA:334,1
DA:339,1
DA:341,1
DA:342,1
DA:343,1
DA:344,1
DA:345,1
DA:346,1
DA:349,1
DA:351,1
DA:352,1
DA:353,1
DA:356,1
DA:357,1
DA:360,1
DA:361,1
DA:362,1
DA:364,1
DA:365,1
DA:366,1
DA:369,1
DA:370,1
DA:371,1
DA:372,1
DA:373,1
DA:374,1
DA:375,1
DA:376,1
DA:377,1
DA:378,1
DA:379,1
DA:380,1
DA:382,0
DA:385,1
DA:386,1
LF:165
LH:160
end_of_record
TN:
SF:C:\Users\lnick\Documents\Personal\Programming\Projects\Simple Truss Calculator\Source\truss.py
DA:12,1
DA:13,1
DA:14,1
DA:15,1
DA:16,1
DA:17,1
DA:19,1
DA:22,1
DA:23,1
DA:24,1
DA:30,1
DA:38,1
DA:40,1
DA:41,1
DA:42,1
DA:43,1
DA:44,1
DA:47,1
DA:54,1
DA:68,1
DA:69,1
DA:71,1
DA:72,1
DA:74,1
DA:77,1
DA:81,1
DA:85,1
DA:86,1
DA:87,1
DA:89,1
DA:99,1
DA:102,1
DA:103,1
DA:108,1
DA:111,1
DA:114,1
DA:120,1
DA:123,1
DA:125,1
DA:128,1
DA:136,1
DA:145,1
DA:146,1
DA:147,1
DA:149,1
DA:150,1
DA:151,1
DA:154,1
DA:160,1
DA:176,1
DA:177,1
DA:178,1
DA:179,1
DA:180,1
DA:182,1
DA:186,1
DA:190,1
DA:191,1
DA:193,1
DA:199,1
DA:205,1
DA:212,1
DA:213,1
DA:215,1
DA:217,1
DA:218,1
DA:219,1
DA:220,1
DA:221,1
DA:222,1
DA:223,1
DA:225,1
DA:228,1
DA:237,1
DA:246,1
DA:248,1
DA:249,1
DA:253,1
DA:254,1
DA:258,1
DA:259,1
DA:260,1
DA:264,1
DA:266,1
DA:270,1
DA:271,1
DA:272,1
DA:273,1
DA:274,1
DA:278,1
DA:279,1
DA:284,1
DA:294,1
DA:302,1
DA:304,1
DA:305,1
DA:307,1
DA:308,1
DA:311,1
DA:312,1
DA:315,1
DA:317,1
DA:318,1
DA:326,1
DA:327,1
DA:330,1
DA:340,0
DA:345,0
DA:351,1
DA:357,1
DA:365,1
DA:383,1
DA:384,1
DA:388,1
DA:389,1
DA:390,1
DA:391,1
DA:393,1
DA:394,1
DA:395,1
DA:396,1
DA:398,1
DA:400,1
DA:401,1
DA:402,1
DA:403,1
DA:404,1
DA:405,1
DA:406,1
DA:407,1
DA:408,1
DA:410,1
DA:412,1
DA:414,1
DA:415,1
DA:416,1
DA:423,1
DA:425,1
DA:427,1
DA:428,1
DA:429,1
DA:436,1
DA:437,1
DA:438,1
DA:442,1
DA:443,1
DA:444,1
DA:445,1
DA:449,1
DA:451,1
DA:455,1
DA:487,1
DA:488,1
DA:489,1
DA:490,1
DA:492,1
DA:493,1
DA:494,1
DA:495,0
DA:496,0
DA:498,1
DA:499,0
DA:504,1
DA:505,0
DA:510,1
DA:511,1
DA:513,1
DA:515,1
DA:522,1
DA:524,1
DA:525,1
DA:527,1
DA:529,1
DA:530,1
DA:533,1
DA:536,1
DA:538,1
DA:540,1
DA:584,1
DA:585,1
DA:586,1
DA:587,1
DA:588,1
DA:589,1
DA:590,1
DA:591,1
DA:592,1
DA:593,1
DA:595,1
DA:596,1
DA:597,1
DA:598,1
DA:600,1
DA:601,0
DA:606,1
DA:608,1
DA:611,1
DA:612,1
DA:616,1
DA:617,1
DA:618,1
DA:619,1
DA:620,1
DA:621,1
DA:623,1
DA:625,1
DA:626,1
DA:627,1
DA:629,1
DA:630,1
DA:631,1
DA:632,1
DA:633,1
DA:634,1
DA:635,1
DA:638,1
DA:640,1
DA:641,1
DA:642,1
DA:643,1
DA:644,1
DA:645,1
DA:646,1
DA:649,1
DA:651,1
DA:652,1
DA:653,1
DA:656,1
DA:657,1
DA:658,1
DA:659,1
DA:660,1
DA:661,1
DA:665,1
DA:667,1
DA:668,1
DA:669,1
DA:672,1
DA:673,1
DA:674,1
DA:675,1
DA:676,1
DA:677,1
DA:680,0
DA:682,1
DA:684,1
DA:717,1
DA:718,1
DA:719,1
DA:720,1
DA:721,1
DA:722,1
DA:723,1
DA:725,1
DA:726,1
DA:727,1
DA:728,1
DA:730,1
DA:731,0
DA:736,1
DA:738,1
DA:741,1
DA:742,1
DA:743,1
DA:744,1
DA:745,1
DA:746,1
DA:748,1
DA:750,1
DA:751,1
DA:752,1
DA:754,1
DA:755,1
DA:756,1
DA:758,1
DA:759,1
DA:760,1
DA:761,1
DA:764,0
DA:766,1
DA:768,1
DA:804,1
DA:805,1
DA:806,1
DA:807,1
DA:808,1
DA:809,1
DA:810,1
DA:812,1
DA:813,1
DA:814,1
DA:815,1
DA:817,1
DA:818,0
DA:823,1
DA:825,1
DA:828,1
DA:829,1
DA:830,1
DA:831,1
DA:832,1
DA:833,1
DA:834,1
DA:836,1
DA:838,1
DA:839,1
DA:840,1
DA:842,1
DA:843,1
DA:844,1
DA:845,1
DA:848,1
DA:850,1
DA:851,1
DA:852,1
DA:853,1
DA:854,1
DA:858,0
DA:863,0
DA:866,0
DA:868,1
DA:872,1
DA:880,1
DA:881,1
DA:882,1
DA:884,1
DA:885,1
DA:888,1
DA:889,1
DA:890,1
DA:891,1
DA:892,1
DA:893,1
DA:894,1
DA:895,1
DA:896,1
DA:898,0
DA:900,1
DA:901,1
DA:903,1
DA:906,1
DA:907,1
DA:908,1
DA:911,1
DA:912,1
DA:913,1
DA:917,1
DA:918,1
DA:921,1
DA:922,1
DA:923,1
DA:927,1
DA:931,1
DA:932,1
DA:934,1
DA:935,1
DA:937,1
DA:941,1
DA:947,1
DA:948,1
DA:952,1
DA:955,1
DA:956,1
DA:957,1
DA:962,1
DA:974,1
DA:976,1
DA:989,1
DA:994,1
DA:995,1
DA:996,1
DA:997,1
DA:1001,1
DA:1003,1
DA:1004,1
DA:1007,1
DA:1008,1
DA:1009,0
DA:1012,1
DA:1013,1
DA:1016,1
DA:1017,1
DA:1018,1
DA:1019,1
DA:1020,1
DA:1021,1
DA:1022,1
DA:1025,1
DA:1026,1
DA:1027,1
DA:1029,1
DA:1031,1
DA:1034,1
DA:1036,1
DA:1043,1
DA:1045,1
DA:1046,0
DA:1052,1
DA:1053,1
DA:1060,0
DA:1062,1
DA:1075,1
DA:1076,0
DA:1077,0
DA:1080,1
DA:1081,1
DA:1082,1
DA:1085,1
DA:1091,1
DA:1155,1
DA:1156,1
DA:1160,1
DA:1161,1
DA:1165,1
DA:1166,1
DA:1168,1
DA:1170,1
DA:1171,1
DA:1177,1
DA:1178,0
DA:1184,1
DA:1190,1
DA:1191,1
DA:1198,1
DA:1199,0
DA:1201,1
DA:1203,1
DA:1204,1
DA:1212,1
DA:1213,0
DA:1219,1
DA:1225,1
DA:1231,1
DA:1232,0
DA:1238,1
DA:1244,1
DA:1245,1
DA:1252,1
DA:1253,1
DA:1259,1
DA:1265,1
DA:1266,1
DA:1267,1
DA:1268,1
DA:1270,1
DA:1273,1
DA:1274,1
DA:1280,1
DA:1293,1
DA:1296,1
DA:1307,1
DA:1309,1
DA:1310,1
DA:1315,1
DA:1317,1
DA:1318,1
DA:1321,1
DA:1333,1
DA:1345,1
DA:1347,1
DA:1359,1
DA:1360,1
DA:1361,1
DA:1366,1
DA:1367,1
DA:1379,1
DA:1382,1
DA:1394,1
DA:1404,1
DA:1407,1
DA:1417,1
DA:1420,1
DA:1429,1
DA:1431,1
DA:1432,1
DA:1433,1
DA:1434,1
DA:1435,1
DA:1436,1
DA:1437,1
DA:1439,1
DA:1440,1
DA:1441,1
DA:1442,1
DA:1443,1
DA:1444,1
DA:1445,1
DA:1446,1
DA:1447,1
DA:1448,1
DA:1450,1
DA:1451,0
DA:1453,1
DA:1457,1
DA:1460,1
DA:1469,1
DA:1471,1
DA:1473,1
DA:1474,1
DA:1480,1
DA:1481,1
DA:1482,1
DA:1483,1
DA:1485,1
DA:1487,1
DA:1488,1
DA:1490,1
DA:1502,1
DA:1506,1
DA:1509,1
DA:1513,1
DA:1514,1
DA:1515,1
DA:1517,1
LF:514
LH:489
end_of_record
TN:
SF:C:\Users\lnick\Documents\Personal\Programming\Projects\Simple Truss Calculator\Source\utils.py
DA:1,1
DA:2,1
DA:3,1
DA:4,1
DA:5,1
DA:6,1
DA:7,1
DA:8,1
DA:9,1
DA:10,1
DA:14,1
DA:15,0
DA:20,1
DA:21,1
DA:24,1
DA:25,1
DA:26,1
DA:28,1
DA:29,1
DA:30,1
DA:31,1
DA:35,1
DA:46,1
DA:47,1
DA:48,1
DA:51,1
DA:54,1
DA:63,0
DA:64,0
DA:67,0
DA:70,0
DA:71,0
DA:73,0
DA:74,0
DA:75,0
DA:76,0
DA:77,0
DA:78,0
DA:81,0
DA:82,0
DA:83,0
DA:85,0
DA:88,1
DA:96,0
DA:106,0
DA:109,0
DA:112,1
DA:118,0
DA:119,0
DA:121,0
DA:122,0
DA:123,0
DA:124,0
DA:125,0
DA:127,0
DA:128,0
DA:129,0
DA:130,0
DA:131,0
DA:133,0
DA:138,1
DA:152,1
DA:155,1
DA:161,1
DA:165,1
DA:166,1
DA:167,1
DA:168,1
DA:169,1
DA:172,0
DA:173,0
DA:176,1
DA:179,1
DA:185,1
DA:186,1
DA:187,1
DA:188,1
DA:190,1
DA:193,1
DA:198,1
DA:204,1
DA:219,1
DA:221,1
DA:224,1
DA:231,1
DA:232,1
DA:240,1
DA:245,1
DA:279,1
DA:280,1
DA:282,1
DA:300,1
DA:303,1
DA:307,1
DA:314,1
DA:315,1
DA:324,1
DA:325,1
DA:326,1
DA:328,1
DA:332,1
DA:335,1
DA:339,1
DA:340,1
DA:341,1
DA:342,1
DA:350,1
DA:356,1
DA:361,1
DA:362,1
DA:363,1
DA:365,1
DA:367,1
DA:370,1
DA:374,1
DA:375,1
DA:376,1
DA:377,1
DA:385,1
DA:390,1
DA:395,1
DA:400,1
LF:122
LH:88
end_of_record
