TN:
SF:Source\tests\__init__.py
DA:1,1,dXs/wPllUwxbqfZ9JetkqA
DA:5,1,iED6KwfsZGnaoQNskI7BmQ
DA:6,1,mUDsnWRiqW9R9nTILGKIZg
DA:8,1,1vxgs4ZRMOKQUkVc/RUSpw
DA:9,1,pKTIyyhLVHTfav7CAzYThA
LF:4
LH:5
end_of_record
TN:
SF:Source\tests\conftest.py
DA:1,1,PCd+tTkojc+/9k3Gg2wfWw
DA:2,0,/ykIR3TlztXnf3DY+/GfxA
LF:2
LH:1
end_of_record
TN:
SF:Source\tests\test_truss.py
DA:1,1,PCd+tTkojc+/9k3Gg2wfWw
DA:4,1,yN4vo8bj3Ax3PQQ3eZyFcg
DA:5,1,6EqVyswJtxIE+9LVqyxOlA
DA:6,1,7Z9Lj4ed27Wf2hBX6jooEA
DA:7,1,IWWjrCeOtk8NNtrE95++2g
DA:9,1,7KSsmZLULFek4Eo+Jl3LpA
DA:11,1,/6BCF/ROSidz51ZAydY62A
DA:15,1,v6Ps+lj1KA3wTMNNMiIRKg
DA:17,1,3KRUKGZUu0NVUWbEjm36PQ
DA:18,1,7Xd4Qn1501pdx6WlogquWA
DA:21,1,L4B4Rg7stfvDRIJwRLDHXw
DA:22,1,eftBIV3sXdmL3/tDsANFqg
DA:23,1,sXLzzCQh6HikSDEHXmfjoQ
DA:25,1,m8H+Rd65Pc4XBuFM/oG3TQ
DA:27,1,n4R05e/q1BVqoZ37JaywpA
DA:33,1,Y4atwm+ZRDFxkTOfuC1zxA
DA:35,1,se7j4GhIjwFNvr/uEM4KQA
DA:36,1,hWo9QkkKGFC7Iyv8+74G0g
DA:38,1,gjZEqrGM493WZXOlXq2G5w
DA:40,1,M+vQzNOLsQzbpvNDw0jm7A
DA:51,1,80aIXlFU+wkp0QHdHAZfeQ
DA:104,1,qvuwl1KzpUDhllSK89R9Aw
DA:106,1,7I+zlwIpypvJHytX5AH+6g
DA:118,1,C0MRrhDWMUUlKBEdt/u5lg
DA:120,1,Ev0UlKdlV4SvUeZdqlqqMg
DA:122,1,u8j4P21L2gm30SNyyObN3Q
DA:124,1,RNk5ZeULVQnGFucATpO7jg
DA:127,1,/TcjDrgGizewI6nyuEC7og
DA:130,1,xvHetPzlpP2RLUUDaJmUog
DA:131,1,fMSrLh38Pc8GxPwPTgjhIQ
DA:132,1,tyGuzvGOY00nHEJe0vEysg
DA:134,1,f808LrT1NKj+GU7Tcvl0xg
DA:144,1,c+zlw18DyEpc1v0mFe7MPg
DA:145,1,8dzm5u7j/4UnUoUkZozSlg
DA:155,1,XiySo/Nd2HDD9RvE8nf3Lw
DA:165,1,kfFebv+NATCqwFl2jtPvVQ
DA:177,1,ZO4ZlBkM4zihmu7mXYkZqQ
DA:180,1,oaDqxKO+cETOgfflYgp8ww
DA:181,1,43jutUkj08gS9U+iuKo+7w
DA:182,1,CZvbE2VNHhOesfaoe0r1wA
DA:185,1,26VO/vLR4rskFrQIQZJsiw
DA:186,1,ETSDxqBYXil0zTFjY5iYPg
DA:187,1,xLRcg/no+dLThtr5agQaPQ
DA:192,1,/roqVj/vo+vzun5IguAUvA
DA:194,1,Tv0L8Kw2TpZ9DyzC++rw8A
DA:196,1,8RMtjLE/1FDnOW8z+92t8w
DA:197,1,7fUmCoQ5mI8K81tNe3JGgw
DA:199,1,kudPdMHYb6/KBlZK7jpfgw
DA:200,1,SD3lEJ+w3Eam9X/pVRyawA
DA:202,1,klZkvyHIPdSQeVVuMSOpHQ
DA:203,1,IASPV+sJLanonxDn5lM13g
DA:204,1,64/7DQx7Zlrd+5spS3ulfg
DA:205,1,zH7Bp3wa+V7DvC1yguK03g
DA:208,1,ag6VcVPLuoZfrQyveM91cw
DA:210,1,MIo1XnQQqcZ4eqwMYTOgsA
DA:211,1,1eRW3KV0MkXWlAhwFcdgOg
DA:212,1,SaHSCeabjx6kBsUenYxMNg
DA:213,1,I6VSMaDvYZRp/Kp4QYB9KQ
DA:215,1,p5RgflGlBw1r5mFbmLxALg
DA:216,1,IASPV+sJLanonxDn5lM13g
DA:218,1,qDU84bnEB/eRllDSVm7d+Q
DA:220,1,4vJbQpO562+V6knGJZ9Ydg
DA:221,1,fyFIvbwrXheWSGWK83+H1A
DA:224,1,nxh0PwCMjolrhCQ9+n4u2w
DA:226,1,YB2qZ9/3m0f9sSZrzPCJ9g
DA:227,1,2IdTvYHseaZfyRUH2ZRSSA
DA:229,1,64/7DQx7Zlrd+5spS3ulfg
DA:230,1,zH7Bp3wa+V7DvC1yguK03g
DA:233,1,2O7ieFvzTjXiQYI2jT/+eQ
DA:235,1,MIo1XnQQqcZ4eqwMYTOgsA
DA:236,1,1eRW3KV0MkXWlAhwFcdgOg
DA:237,1,SaHSCeabjx6kBsUenYxMNg
DA:238,1,ZAsBpfegt54eQ5SjYy/IjA
DA:240,1,p5RgflGlBw1r5mFbmLxALg
DA:241,1,IASPV+sJLanonxDn5lM13g
DA:242,1,64/7DQx7Zlrd+5spS3ulfg
DA:243,1,zH7Bp3wa+V7DvC1yguK03g
DA:246,1,3bELX2ss2lzHqKygqbd1Kw
DA:248,1,z32VO8Hr5P0VGq0LoYYaLw
DA:249,1,aFm64tx7U+n4jIu2YG/P9w
DA:250,1,69AvMaXt0pY0tGWLwE1QNQ
DA:251,1,ubSGnrPIaESViA3vEE3dyw
DA:253,1,0bBea29qfkZM87/5ZkKr/w
DA:254,1,IASPV+sJLanonxDn5lM13g
DA:256,1,64/7DQx7Zlrd+5spS3ulfg
DA:257,1,zH7Bp3wa+V7DvC1yguK03g
DA:260,1,0D3qmMKHuWRN77FQHSCDdw
DA:262,1,z32VO8Hr5P0VGq0LoYYaLw
DA:263,1,jCUSzjv6SczBJZq5ia5bCg
DA:264,1,zbZz7UFFuyIRisrawfLkIA
DA:265,1,ubSGnrPIaESViA3vEE3dyw
DA:267,1,ncUH4EqEYmCQlmsExE3zuQ
DA:268,1,IASPV+sJLanonxDn5lM13g
DA:270,1,V1Uc2JWD9ep0/SpfESXfAA
DA:271,1,QkeKMg9QOQv5bkWzLXfOlQ
DA:273,1,2LXTzynyEVB+GqzDQa4gcQ
DA:275,1,bhbL/vtNwpG5zONyuJj3XA
DA:279,1,/lYPC/dcde/38ZvOBYPoeA
DA:281,1,2sQd2qpi+58wLuds4mWb1A
DA:282,1,jKAT+NlHgka5NI/wVJwA3w
DA:283,1,UAqXADWnW9t5YYi05wlPxQ
DA:284,1,aeWbnpWjncK7Ltk7h1OFjg
DA:286,1,S6pQnDTuYvClTZObpI/Czg
DA:287,1,IASPV+sJLanonxDn5lM13g
DA:289,1,V1Uc2JWD9ep0/SpfESXfAA
DA:290,1,RU93KXhkkKNSPOwzc9FBgQ
DA:292,1,bMNmrOIU9uJOXEbzGfcDNA
DA:294,1,bhbL/vtNwpG5zONyuJj3XA
DA:298,1,Kl6P0mnNf9K9T/JuNDCIgA
DA:300,1,EqFGnUuwDmRmm82rl5J93w
DA:301,1,zmo8pJQcf7Y/6iOohTaQUA
DA:302,1,WfQCBw6xDqcHQQSKsTCDKQ
DA:303,1,HACuORwYdkvIlJTe8eWjhA
DA:305,1,d8xnf+XPunxclML/Uofy0Q
DA:306,1,iT+6K8EUbth90OgXNeMUdw
DA:308,1,OAOZQCpWHErh1X4Edc2qZg
DA:310,1,pjBIeukl8qdPyxqlOQ9LzQ
DA:312,1,bhbL/vtNwpG5zONyuJj3XA
DA:316,1,r496lrY5baF4E8zT6ctDpg
DA:318,1,J/XtqNPvu3sbsDd4m8xZag
DA:328,1,64/7DQx7Zlrd+5spS3ulfg
DA:329,1,zH7Bp3wa+V7DvC1yguK03g
DA:330,1,zUGAzrYQmBjC+qWMWjlT8Q
DA:331,1,bXE4zUx0NdV6BghzzDOcCQ
DA:332,1,hr02dHfwhatLpnGrwI5OGQ
DA:333,1,EU+vLqrjT3OiqPt404nzLQ
DA:334,1,g9re6JKfUXhfkUu1w8GEzQ
DA:339,1,N2rbNIIZ0rC3GSJRQZv7rg
DA:341,1,lDoOvcBJq0o+5VWVvPPn6g
DA:342,1,jCUSzjv6SczBJZq5ia5bCg
DA:343,1,aeWbnpWjncK7Ltk7h1OFjg
DA:344,1,Ou3aTdNIiFWLQPWE17Pb6w
DA:345,1,64/7DQx7Zlrd+5spS3ulfg
DA:346,1,zH7Bp3wa+V7DvC1yguK03g
DA:349,1,YWrrHlEG4qlHZh1r/DiGTg
DA:351,1,lDoOvcBJq0o+5VWVvPPn6g
DA:352,1,jCUSzjv6SczBJZq5ia5bCg
DA:353,1,RSHsHE7abnykWqmEW1xMOA
DA:356,1,J5wZkAmoAbROROrJYuQwDw
DA:357,1,ojrkcletHm4uW3XIAcKLyw
DA:360,1,MtNfsGYqReRP4W067wlkDA
DA:361,1,yn7Q3zRBDHaNqFq4/l8bHA
DA:362,1,wt3j7YNEFCaahhP1u79DQA
DA:364,1,tIThyjvLVjpnxnJ7BCMzHg
DA:365,1,yn7Q3zRBDHaNqFq4/l8bHA
DA:366,1,wt3j7YNEFCaahhP1u79DQA
DA:369,1,yNT3iMfdEIuAFdUnsAGy/Q
DA:370,1,WJ5gaIEoIhTUOna4H+ksRw
DA:371,1,nMGy3DFmuzSA66Jk+Y3Crg
DA:372,1,C7QTMcvEaIPc5ImrzjRHig
DA:373,1,3W5STGa80ZjM7NUtVgp5sQ
DA:374,1,Q/Ik5LtgCUuyS5EBDQcV9A
DA:375,1,jKFoPTQYV4+64nqDPc+y9g
DA:376,1,e/wC14A9YORvK5H55RJr5Q
DA:377,1,O5AgdjAQGQiSSJ34TrCfew
DA:378,1,SANM4kRvoUZlWo78dyfsrg
DA:379,1,vmsy6ej0tqI7A5ojNHvvbw
DA:380,1,cAlKFxY5etOTHpRnpHitIg
DA:385,1,onZ/8yykicI5pB0X7QQ6ag
DA:386,1,qz2LVB+WUzojK1p4FhyVGw
DA:389,1,/pwTLyO5j6Sa148l75VNAQ
DA:2,0,/ykIR3TlztXnf3DY+/GfxA
DA:276,0,zC/vQ/7iNFNhXRj9uvlg3w
DA:295,0,zC/vQ/7iNFNhXRj9uvlg3w
DA:313,0,zC/vQ/7iNFNhXRj9uvlg3w
DA:382,0,sPvx0p1Fc1OlgUiIH+jOig
LF:165
LH:161
end_of_record
TN:
SF:Source\truss.py
DA:1,1,1+9wdnNK6ERHmSA06tdyPQ
DA:12,1,jEc91tz0B1b2beSYnS+UDQ
DA:13,1,uqQzsyLE2snBclOsmsd0qA
DA:14,1,/6BCF/ROSidz51ZAydY62A
DA:15,1,OaTlemF3bXMi5MP7Db8vkQ
DA:16,1,p7hNY1S5rX9QtYADf+cK4g
DA:17,1,7Z9Lj4ed27Wf2hBX6jooEA
DA:19,1,7KSsmZLULFek4Eo+Jl3LpA
DA:22,1,M5X+4Qssal9acJDv97FVNg
DA:23,1,RAcSzLdBtJhqZizBHA+ceg
DA:24,1,YtU6ugnOEo3G6TG+rSr9Cg
DA:30,1,+cgyIVSclCF5GbpJaOlY6g
DA:32,1,/ZvqiDY7XVzMiSFdpC6ZCg
DA:38,1,QZC5bx92pekso+I460oyXg
DA:40,1,Nz6kaeu4IRPAxi523wc4hw
DA:41,1,BK+foMhfUltpwhLaXPLX4g
DA:42,1,MwRvzMbOe2b3CuuQani2KA
DA:43,1,6pRx4WiHLI8hrZ75p7xOyQ
DA:44,1,tmHwBLupTT1n+6B8k8fQrQ
DA:47,1,CLstt++CQHAES0VpeNyjew
DA:49,1,/ZvqiDY7XVzMiSFdpC6ZCg
DA:54,1,4LgMgWBGno1n5MNJ8WRFsQ
DA:68,1,BK+foMhfUltpwhLaXPLX4g
DA:69,1,Nz6kaeu4IRPAxi523wc4hw
DA:71,1,g7BzHJ7OC4IrzwY85p2EmQ
DA:72,1,0k5Db+EI3zF+jZSEovdl6g
DA:74,1,Mj9XhWROTNCYQygYghpP8w
DA:77,1,lNoLy+SxOMsvuwvBRrN0/Q
DA:81,1,96lKKKVC+2kZCEr3SmpQNw
DA:85,1,sVG5r8d7uRbG+4oBeZ+IXQ
DA:86,1,DeSESVeaYRxMuaikTUBuzg
DA:87,1,A2eTmHoNmZwuHg53i5qTsg
DA:89,1,Ff7J7ftWGiJevWgNKN49xA
DA:99,1,WcS5ZLuks5rR0pa4g2NQyA
DA:102,1,bE35tIVMkfClZtId76Iylg
DA:103,1,eH2mvx3MuMOymXdMog6jKw
DA:108,1,07nDIV4vxMPa1jY95dxfYw
DA:111,1,g3xDBaj2HOQ3ra6ej5E55A
DA:114,1,gq070CQg8FE70uVN45Njdw
DA:120,1,UZJkRlio4AmJ+deuG24IsQ
DA:123,1,L3z4tzh/ojB/PQ/YwiWwZw
DA:125,1,bi3/VkcqYneQC0xpC5PwIw
DA:128,1,NJjKkbyP6egydcZdL0/kSA
DA:130,1,/ZvqiDY7XVzMiSFdpC6ZCg
DA:136,1,4LgMgWBGno1n5MNJ8WRFsQ
DA:145,1,BK+foMhfUltpwhLaXPLX4g
DA:146,1,R/woQbs1cvonVDOviIlQuA
DA:147,1,A/5CbLlcseUU2Nm1HDnsRA
DA:149,1,CvEWKFgF+EXeqVpNQISFcg
DA:150,1,bESsiohqO0baVbC1LNgfJg
DA:151,1,WUXFPYJBYmUxJo6ju51DRg
DA:154,1,dzUWO1wTYeEhiRTUmOUv3g
DA:156,1,/ZvqiDY7XVzMiSFdpC6ZCg
DA:160,1,4LgMgWBGno1n5MNJ8WRFsQ
DA:176,1,BK+foMhfUltpwhLaXPLX4g
DA:177,1,R/woQbs1cvonVDOviIlQuA
DA:178,1,4Gz9zi8jWg6p5li+oZvQ5Q
DA:179,1,rLotz04gdJSH08tPIcftzg
DA:180,1,KDzK4Theo5BMNaQ4ezCAMw
DA:182,1,RKjkfANaEKx80h4Q9q4jEw
DA:186,1,t/5CcICSJBraDiSh7ohsxg
DA:190,1,zxCPR+dnmFt6wuLQjIKD2w
DA:191,1,/FL90sU1qjnK4Ca7KmkU6A
DA:193,1,HlMhFxRXu29IZvQFy1FgcA
DA:199,1,BPvMktfudhxRxRgFotBEbQ
DA:201,1,/ZvqiDY7XVzMiSFdpC6ZCg
DA:205,1,4LgMgWBGno1n5MNJ8WRFsQ
DA:212,1,Nz6kaeu4IRPAxi523wc4hw
DA:213,1,C0HMNFLNc3IYpdixQJHlRg
DA:215,1,znoIckRrtiQjDuJdKL+YNg
DA:217,1,nrrlHNM3i7NQB8oatm9Cdw
DA:218,1,xvWIcpcyNr0gyGcTkdMxXw
DA:219,1,u133o8V9s+Rq4GFV4OczvQ
DA:220,1,bGNfk2BK47CN8dgabiCqQQ
DA:221,1,UNgEakfrtFH2705ZPUFFdw
DA:222,1,Aqtrzf4i6Y1hjAMbmr+Byw
DA:223,1,bUPijZYgKaa7302su2T4UA
DA:225,1,ZPUK5IjnSdyNGxPd6pOPZw
DA:228,1,7zNOhXUUpMPTkpjhCDF3TA
DA:237,1,jSvgqUM2OjgIlPqKL9o7Bg
DA:246,1,iOsFFjpFJvZaQwL3VLFfuw
DA:248,1,leWPu3a92U46XgI3/MVg5A
DA:249,1,cVPFhYwkuYGO0Af6pDolhg
DA:253,1,QpBWu0oNr9k3x+SLHRhcgg
DA:254,1,1OTOoHTyo9rxiSSROrjkcA
DA:258,1,5TDtjaJwo9z1EWGy9u1itg
DA:259,1,gYRjQ+EUUtEoufFGWQJK5A
DA:260,1,1OTOoHTyo9rxiSSROrjkcA
DA:264,1,rI7ExbPWLU+tsp8gxzyKrw
DA:266,1,CjVvnAl668vF8psk0fcsoA
DA:270,1,r0lV8/HPnN0TX+jbIoLcCw
DA:271,1,OhCMLypA/vSJ8surGybsKg
DA:272,1,/5SoirsPo6lvcbhfIIfxZA
DA:273,1,h1ChxNqkVHFBVORqmHfQUA
DA:274,1,okjvM24Tt9xHG86ywV6ftQ
DA:278,1,TPRSE5tLK3XAqnQX1uPt3g
DA:279,1,te3JIh2EDywmoNRoOSsPAQ
DA:284,1,LAegpgNNOkHpRWcWt1ob/g
DA:294,1,Y4DZS7AE1s0Pj71rqjiI/Q
DA:302,1,uDwe0iYcZ2b4qgsVP8UFAA
DA:304,1,Oy0kALy+Rg1a1Zw0J10gWQ
DA:305,1,iInniT1v12pOKUYGe40t6w
DA:307,1,KG0OVIiUtOKO0SrZRNUO9A
DA:308,1,OfjUcVqB8G6HuyOqlBUfbw
DA:311,1,R9tfbNhtlo3UaxAKCezj8g
DA:312,1,QhSuIGZ5gAgY+Podn7tsgw
DA:315,1,DBB2b2sCSCRSkZBLVseSzg
DA:317,1,pVZzqaI6z42P1yTpU5Vz3w
DA:318,1,tg1j76T87ly78+DxcEoSdg
DA:326,1,iCHI3sdhFmwO4ZZaE8qyWQ
DA:327,1,OEeh48F8rlTvrdsjCgSH1g
DA:330,1,tg1j76T87ly78+DxcEoSdg
DA:351,1,797nP8Rs0GSBl91wxh6M2g
DA:352,1,/ZvqiDY7XVzMiSFdpC6ZCg
DA:357,1,1TjFzbcTiZdl8pcUG7H/9g
DA:365,1,jt085UNNqdhzxz0PqFj94Q
DA:383,1,1UPYROzv+MIKkBUbt7ZgbA
DA:384,1,v9fn6kUxUNI7rJEGOHZhOA
DA:388,1,FvUcvwh3vUx6keln++Sg4Q
DA:389,1,zFLkf4OvGmtVEzqu+3k0fA
DA:390,1,10kx72lPqm7NFm2Lt6ULmA
DA:391,1,S/CchVqq/Jiry/vYpvSdyg
DA:393,1,cdOlCmFnXMQ8guR8WrgPMA
DA:394,1,fWbT/Y+YkLrMMLH6ELUyvA
DA:395,1,hLZpNCKM3eNvsMXKygTOMw
DA:396,1,3sBiSb85zV/weHYYhhMpZA
DA:398,1,6oMIMiQIeCQoHGBqgDWJSQ
DA:400,1,p7j3ugSKMnDm7i7lzzpqTw
DA:401,1,ICGp27gSpOTry5khAnqi3Q
DA:402,1,Hk8dBcS8KCEHUYNcgnUq9Q
DA:403,1,2kMJ+N4C4F0Cm59lbS719Q
DA:404,1,ja785vMkP3e4a45qYMAiBQ
DA:405,1,mTSnTt23p/x9scSdmbjb0Q
DA:406,1,kmgy+huSlvdi+313ADuy1A
DA:407,1,7THbfeLtNXARLJEOTbdw9Q
DA:408,1,2q6UQaTor8ncszYiaEFCig
DA:410,1,lzRiPyasauPM6wC3BRwH2A
DA:412,1,S2Sa/Dpb6xa0FgsNNfeY2g
DA:414,1,/LOz3CuFoITTU5uvWgL0MQ
DA:415,1,w4g1cc9+9Fc3Ht+Wtlie5g
DA:416,1,IyEY9EqHQ3rS8tntQDkctA
DA:423,1,rj2li0nuIIJgkaqrVFaYwQ
DA:425,1,hcK2yy0o7ugD91QVUSxuIQ
DA:427,1,/LOz3CuFoITTU5uvWgL0MQ
DA:428,1,w4g1cc9+9Fc3Ht+Wtlie5g
DA:429,1,IyEY9EqHQ3rS8tntQDkctA
DA:436,1,C1aNpHrMpcrAvviMenie6A
DA:437,1,bAb8g/xQL88GgLyDLemwMQ
DA:438,1,hR0AH7wAHPmjvlHelM4+uA
DA:442,1,oFh3f/zFUIdamOo7iHyRQw
DA:443,1,T4+gsx+cjaa18S/FusTE3Q
DA:444,1,bAb8g/xQL88GgLyDLemwMQ
DA:445,1,hR0AH7wAHPmjvlHelM4+uA
DA:449,1,PrQaL7YaGkQTxSTIuizqPg
DA:451,1,7lKJrWNMwCc2EXHnCrTPyQ
DA:455,1,q0ElIqitYdld2cm6CpKlYg
DA:487,1,xska3X3PCooFs6qiXF0lRg
DA:488,1,SDn510CUVWyqDzM7a4Jj0A
DA:489,1,64p1oX+3WszhGbLQ8TX7tw
DA:490,1,0lMpqbzY7rafOJNVl3ddTQ
DA:492,1,xjcDBnSwra0OiNOAYAwoHA
DA:493,1,8I/mbVqrnYMBFkN4NdvJcQ
DA:494,1,g5029+NRqP1dZ8zL9wkK0A
DA:498,1,r032SowmFqVf9Arx8bs1xw
DA:504,1,KMXTIxcLNjbdBsYihUcImw
DA:510,1,qfWkKWfLHuRHo0NlRpy0MA
DA:511,1,ffKreVu2P9lxJTZcP+UYnA
DA:513,1,QDbZN/5xN9RZ0x2KbnmLmg
DA:515,1,Ax99IduTVMUsrkaylMt/jg
DA:522,1,PVxlJtIjJMwxUZAeHwpPaA
DA:524,1,eq0WQpg39BaeiTuFbMOLlg
DA:525,1,6EuGcNsBidg5qRFe2ikWrA
DA:527,1,d1m3XgsB5EZhAGz99CIHxA
DA:529,1,Q3wyFRkjzwFJJMRxUlwdLw
DA:530,1,hRpatYNgR5qfBbNXlaz3oA
DA:533,1,4rnjLJyAqxkpu5zT9Sl1Ew
DA:536,1,LzDzNTFud6ZfgFcqrbjmgw
DA:538,1,ackOWdJx2/IgtB/ELuvQJg
DA:540,1,Gtioi4DNjkZh+DCH+rDo+w
DA:584,1,uc0LoL2PNS8nI6Vr4M9RmQ
DA:585,1,IKXXsKR3A42N5ZOAPi5e/A
DA:586,1,qncDeN7INFiPJk3J8mk0dw
DA:587,1,KeJKw9hspEJRvV8Y5If5EQ
DA:588,1,T0GILM17R5PKFCpahxvgsQ
DA:589,1,ZVKnYpBz/+6j+SYUtp6fTA
DA:590,1,Eub98dwZ4PyYJhKFql0zAQ
DA:591,1,inbK2DGtM42FN4sennaD6Q
DA:592,1,Cnz24zM27H25Duz4FAEMvw
DA:593,1,FwQsz2A6JT4S8FVYJUk8Kg
DA:595,1,xjcDBnSwra0OiNOAYAwoHA
DA:596,1,QIXZFCHBbR+68MRPtTgPSw
DA:597,1,o7tvNiq40uwo8eP+lY5kyg
DA:598,1,LzDzNTFud6ZfgFcqrbjmgw
DA:600,1,r032SowmFqVf9Arx8bs1xw
DA:606,1,qfWkKWfLHuRHo0NlRpy0MA
DA:608,1,QDbZN/5xN9RZ0x2KbnmLmg
DA:611,1,hRkXw5RZude/7fYSWXQ3mQ
DA:612,1,LhuXYi3dtjKjbzdHOxTxWA
DA:616,1,rOcAMjGGRl6h4zye9SDsuQ
DA:617,1,Q371gFvFeiyf0j7QL5cewg
DA:618,1,MGIBeOp6BKNJRUI9bxixPA
DA:619,1,O/d2PbvdUyvR+NHKl1dmyg
DA:620,1,4liifraVKec1kooi1sPmhg
DA:621,1,DrQZBGbmuCV99L+Zbvr3Kg
DA:623,1,S8Xh1U9jsc4MQIsggzsSbA
DA:625,1,hRkXw5RZude/7fYSWXQ3mQ
DA:626,1,Zx5QkBppUH+es34gpcGGWQ
DA:627,1,Ctq/2v7XNd4xwOgmLSahCg
DA:629,1,S2eY7rUUvHzfroM0lmQOOA
DA:630,1,oIsi+ZLjnA8aIR+2PL2m8Q
DA:631,1,mM4iU1DVM1gwecyEhJFhrw
DA:632,1,p7k96JNTLQyAGTNtvt9D+Q
DA:633,1,fQHHMqhy4kkj3ZcnMH4GbA
DA:634,1,X+tJ0twD1JQWToRCoM8fBg
DA:635,1,4AOQomQPFfdCE9pmJZ9zJw
DA:638,1,ClSuBsD/JiPuwHui8L3lMA
DA:640,1,AgZ0gnpCAD0y0C+QYBvLYQ
DA:641,1,Moe0pPUPLNfkw297AFGYZw
DA:642,1,pxtarePGHDcSksUUUbEpYg
DA:643,1,8XMdKXPgkk/xJxBgyPh82A
DA:644,1,fQHHMqhy4kkj3ZcnMH4GbA
DA:645,1,X+tJ0twD1JQWToRCoM8fBg
DA:646,1,4AOQomQPFfdCE9pmJZ9zJw
DA:649,1,44YHCSkHtkDTOXc/JeOiwA
DA:651,1,S2eY7rUUvHzfroM0lmQOOA
DA:652,1,nqS/WqiRrR1Ug8g9KDta9g
DA:653,1,noAL/2Aq9wHOV6+GxdUZzw
DA:656,1,aUyp0RFSenTQD6NwMNuVwQ
DA:657,1,2lPIQq1xNNBcGSxY9hWjGg
DA:658,1,sgc6WmPcwhONaXbYGzJUiw
DA:659,1,fQHHMqhy4kkj3ZcnMH4GbA
DA:660,1,X+tJ0twD1JQWToRCoM8fBg
DA:661,1,4AOQomQPFfdCE9pmJZ9zJw
DA:665,1,Tp3SG4UNwdxInMEMs2NbHg
DA:667,1,0aImwTZNHSyusttL7xWYcg
DA:668,1,8vBP7drn7EqcXQZvrV5G8w
DA:669,1,3s3HcOh6nSRpMt+st9b/xw
DA:672,1,MFW3d1NJy5JYwM3LfjFlfw
DA:673,1,X6/OOgmUDJKd76sfOp2tGg
DA:674,1,YmFFmozkQ0rtJAJPzXhTfg
DA:675,1,O/d2PbvdUyvR+NHKl1dmyg
DA:676,1,4liifraVKec1kooi1sPmhg
DA:677,1,DrQZBGbmuCV99L+Zbvr3Kg
DA:682,1,ackOWdJx2/IgtB/ELuvQJg
DA:684,1,MlFPrYrjrkDVC5obbEcaUw
DA:717,1,xjVJF/4kBwPbmW/Ku6DalQ
DA:718,1,HPqyC/jKBrUWIbpxttQCEA
DA:719,1,8v3szDnsxAKw0bX5PevhCA
DA:720,1,XonyZ+F1MbfuimbQgz95Gg
DA:721,1,swuuSfSu1IcdKbrNt5DGYw
DA:722,1,yz2uGP6EpeIWKmOIReycxg
DA:723,1,6UMo9Wk5F9sNUib6mcVy2g
DA:725,1,xjcDBnSwra0OiNOAYAwoHA
DA:726,1,UNXeiZYXRoM9AZG4sMa5RQ
DA:727,1,o7tvNiq40uwo8eP+lY5kyg
DA:728,1,LzDzNTFud6ZfgFcqrbjmgw
DA:730,1,r032SowmFqVf9Arx8bs1xw
DA:736,1,qfWkKWfLHuRHo0NlRpy0MA
DA:738,1,QDbZN/5xN9RZ0x2KbnmLmg
DA:741,1,rxpzgnGayZBVnMxBtQkTfg
DA:742,1,q2hCKSC0GgyLU3bPsSNV6Q
DA:743,1,qAaaMALLm7j3fNyJ7rwTrQ
DA:744,1,DA5wQsAKxbqxiHEkGBoAXQ
DA:745,1,i4y3r6sjKLy22YG6mK7WuQ
DA:746,1,LSAkVuU2mXJqRR/k4bH8Nw
DA:748,1,S8Xh1U9jsc4MQIsggzsSbA
DA:750,1,rxpzgnGayZBVnMxBtQkTfg
DA:751,1,zFaupV21b0+wqJK083tY0A
DA:752,1,6O565onNA/7+Cs73YZOPqg
DA:754,1,crdasAD8VBBLNqKbPPZWjw
DA:755,1,UiqVY87TeEE6ZpQuVWYCaw
DA:756,1,0fqxMw4Qd4+jYG7zkaspAw
DA:758,1,jolSK444Stv77tqFy9q5uQ
DA:759,1,hKy24LrulYDJ3BYWWKpmwA
DA:760,1,i4y3r6sjKLy22YG6mK7WuQ
DA:761,1,LSAkVuU2mXJqRR/k4bH8Nw
DA:766,1,ackOWdJx2/IgtB/ELuvQJg
DA:768,1,KBRtyhkvg8BS0Oe8RAO96w
DA:804,1,hCWymUaP+2CGuhvGxN8Syg
DA:805,1,TfGnLwvpiCNnEX4phOZRxw
DA:806,1,1Pp5WHtndSsA3myNadTcCA
DA:807,1,5W7YMqR6iFiLrdiQLiGb7w
DA:808,1,absWf4wsSaNiskENr8ljUg
DA:809,1,+2925w4FKjG+ndjG3X2p7w
DA:810,1,LbWIKepig6h1tQz4jTt0Jg
DA:812,1,xjcDBnSwra0OiNOAYAwoHA
DA:813,1,Konz98D70Ep1oOQ4zA2XDw
DA:814,1,o7tvNiq40uwo8eP+lY5kyg
DA:815,1,LzDzNTFud6ZfgFcqrbjmgw
DA:817,1,r032SowmFqVf9Arx8bs1xw
DA:823,1,qfWkKWfLHuRHo0NlRpy0MA
DA:825,1,QDbZN/5xN9RZ0x2KbnmLmg
DA:828,1,N8r1xfGIXYlI701Q64jGIg
DA:829,1,q2hCKSC0GgyLU3bPsSNV6Q
DA:830,1,qAaaMALLm7j3fNyJ7rwTrQ
DA:831,1,q2B75PvEc+f2VfX2MEk1KQ
DA:832,1,9bgnIF50TUuMdupfNL+Cyg
DA:833,1,i4y3r6sjKLy22YG6mK7WuQ
DA:834,1,6vw/E/TsG5q6CItDcxnDMw
DA:836,1,S8Xh1U9jsc4MQIsggzsSbA
DA:838,1,N8r1xfGIXYlI701Q64jGIg
DA:839,1,edXrnyE9/5prUwHuwNeKSA
DA:840,1,Ctq/2v7XNd4xwOgmLSahCg
DA:842,1,KIi7vC8hrvtXh7ybou+oYA
DA:843,1,5TMJflyq+2WFR99EWA7XwA
DA:844,1,ugbDaIcnbuK9vK/cKTJs3g
DA:845,1,2snQDnEF58RMDQwULLHUlg
DA:848,1,ClSuBsD/JiPuwHui8L3lMA
DA:850,1,Gf7FLLb5jd6pvxPidMl6Bg
DA:851,1,hKy24LrulYDJ3BYWWKpmwA
DA:852,1,bceNefSUq6xMtKMwi4Iv+Q
DA:853,1,ugbDaIcnbuK9vK/cKTJs3g
DA:854,1,2snQDnEF58RMDQwULLHUlg
DA:868,1,ackOWdJx2/IgtB/ELuvQJg
DA:872,1,DengMM6qiZBaYmHGuecYvw
DA:880,1,XpT3C7iCg5aMuZEha05aCg
DA:881,1,Hdp6JJaD3p+tbAXMkKh8qg
DA:882,1,5VyVAE3MSzJSkOB6IjbZ0Q
DA:884,1,/CQXIkZY5KwqpsQUcvM+sg
DA:885,1,QITy7eFC0RulXhsyDSZT4A
DA:888,1,2GUITFQbx6c+JcRh/2sUjg
DA:889,1,t2yVMuF0gO+dsgRnZba4Mw
DA:890,1,ZHmPh3OCDOyugTVYb8Uzng
DA:891,1,ZFNek+DmjiNpluwb2lRV9g
DA:892,1,5C55zQqeVFAHyr6nqqfRMQ
DA:893,1,zGonkAIvowX+2qQWIQCfXg
DA:894,1,L4g6f2y5GkVkt77y/ZvR0Q
DA:895,1,q14bfygm6ONlwqSGS7UshQ
DA:896,1,D0KxFk9Gcw+EhrVNxzXiSQ
DA:900,1,eIB/YgVVIi0QPiCASh3erg
DA:901,1,0HPLgeBG4pAIXFdFa/YM5A
DA:903,1,TVXw9mYkMT1ycd4mALELCw
DA:906,1,q0vc7uHB+0c4AlXqZkaS/w
DA:907,1,8wAOaiDPrkMPpNAm8u9OgQ
DA:908,1,0qCKn7ZY+QyooEzb7xI9Xw
DA:911,1,ZeGBiL1UKOnDHBil+Rdcew
DA:912,1,wHyi5Oa+xj1F1odUCMf4mQ
DA:913,1,Rx6Dzbrob2ijAOSiQvicZQ
DA:917,1,QmTuXCwPlkcGDKh5TlCOxw
DA:918,1,O1DGeL1B6ckkxbhCLXbgPA
DA:921,1,i06JDU3VsJjW77VtQemYIg
DA:922,1,YFs1w98T41zvlc95Tg5Rzw
DA:923,1,R5p9e0p4EBodfORxeFnraA
DA:927,1,e6bJ+4RpRlll5s8W/QqWnQ
DA:931,1,LfSOnIB9K885MMpoOw0wIQ
DA:932,1,0HPLgeBG4pAIXFdFa/YM5A
DA:934,1,28NYtePxNseMYJwX3+r1Ww
DA:935,1,DqH8fYydpYtlbUkelcSngA
DA:937,1,Iz5YHVTqVCHBP32B92sgmA
DA:941,1,RkR28nX5xkpb8YTjdGyPJQ
DA:947,1,v/uTGElohURqO8Czk1TA3w
DA:948,1,RkR28nX5xkpb8YTjdGyPJQ
DA:952,1,v/uTGElohURqO8Czk1TA3w
DA:955,1,UYqU/ix8r8VQyqyItVYLpg
DA:956,1,DbSavSPRyeaFBqybzQOE1A
DA:957,1,+7inEBBRS65y7TsY2D224Q
DA:962,1,RkR28nX5xkpb8YTjdGyPJQ
DA:974,1,utRFco43lk32LOnJjQFC0A
DA:976,1,RkR28nX5xkpb8YTjdGyPJQ
DA:989,1,pbD3wY1uc2iVWNPd+YpuJw
DA:994,1,bc5JmyZ7kYnc6QG4gPjfJw
DA:995,1,6t5Mt3rC370GvT0A6FkHHw
DA:996,1,aWk3dDqLPoATEZv/KMuL/Q
DA:997,1,MuD/kAJKCeKTPvOHsV+BIw
DA:1001,1,U0R7rS7y3ruwMQFkdlwhnw
DA:1003,1,4Gcc5dGNgur0PfwBvAJx9Q
DA:1004,1,aT+CQy5oMgxlNP7aESKOLQ
DA:1007,1,ncG1tpvd+2+J052uV806Bg
DA:1008,1,qiy4PyyyUpNvvWDLYxRuQA
DA:1012,1,87L3zi4BIsQLw5Gv3LBMTg
DA:1013,1,pd9V+wlycSG6OcAtiudQ9A
DA:1016,1,jiJtXdsWpeDzrCNH96lBmA
DA:1017,1,J/NzAUUuy+uW5kKiYbGb+g
DA:1018,1,KNx/PVNNu+UeEAZLSPlfGQ
DA:1019,1,1oq35g0ggoDbxz9bHui6Sw
DA:1020,1,vEPnOl19Xv5gl+PSzVfEtg
DA:1021,1,ODiCoYg26IJbXPEIshKTtQ
DA:1022,1,KgnB99C9O/WbNjzfRScgtw
DA:1025,1,Vm1CNdL4FlI6ggorgkuW0A
DA:1026,1,i/+tbJBU3AgERuZIBoMEFw
DA:1027,1,Xy02NTO5JORq0brTjcGLwA
DA:1029,1,7yOrEp1RtK3uqbruUXxwVA
DA:1031,1,eqbXBPv2ES+sqKXPKY+Ruw
DA:1034,1,+HGHGKzZBVCw6RQyaWJvAg
DA:1036,1,4WgoojaHfj0/qbM08D4iTA
DA:1043,1,HmmwNCmnkf91tRV3EGchSg
DA:1045,1,wG8+SCX72CmE8YcbH0prKg
DA:1052,1,ve2J9E4Kb5LrUrOtchi7Xw
DA:1053,1,sAx19RihGpW7rKnlL4tLkQ
DA:1062,1,OAQrweN+/zDnkIumHZw4rQ
DA:1075,1,2JLM8CrRbW2Lo1uQTaJ1pQ
DA:1080,1,n318zijopY4klm8OlAz6ew
DA:1081,1,SImwNXw2PJ3jbI6fFJKMYA
DA:1082,1,/1h8mNgOTbf4pWiPk/POHw
DA:1085,1,lEZtBeHqZ6FquXH3R3Baog
DA:1091,1,sin9GnRX+WngEDqK0YD3UA
DA:1155,1,GkLgrKPIrlRrnj6UHOdUfQ
DA:1156,1,APFkQxhSDH4PYpq40OqgQw
DA:1160,1,KxgaGtJPkScc4OG7mJ59vg
DA:1161,1,qzf5KZFni9zxt+7vW6aXhA
DA:1165,1,U+sKbE+W+4VfP8ygyyIIlw
DA:1166,1,x0zEYrHaH69e5vOIRtPWlQ
DA:1168,1,nZmUcGgDi2smouN4J+XXBg
DA:1170,1,KxgaGtJPkScc4OG7mJ59vg
DA:1171,1,uV8NW+QBVekiePxYsFkTLA
DA:1177,1,U+sKbE+W+4VfP8ygyyIIlw
DA:1184,1,xFrbOGpTPq98OhW9uFmMjw
DA:1190,1,KxgaGtJPkScc4OG7mJ59vg
DA:1191,1,TOKuX8ofSQlge4RQJnEjtQ
DA:1198,1,U+sKbE+W+4VfP8ygyyIIlw
DA:1201,1,C2qfnI1rzxhtE2Cpag3PKw
DA:1203,1,KxgaGtJPkScc4OG7mJ59vg
DA:1204,1,mIZCSckHA9u/qY9yhSZxCA
DA:1212,1,U+sKbE+W+4VfP8ygyyIIlw
DA:1219,1,xFrbOGpTPq98OhW9uFmMjw
DA:1225,1,iL33jNT5cNRkMgPlb6AbZA
DA:1231,1,U+sKbE+W+4VfP8ygyyIIlw
DA:1238,1,xFrbOGpTPq98OhW9uFmMjw
DA:1244,1,KxgaGtJPkScc4OG7mJ59vg
DA:1245,1,Wv7G/mJ7cEaYn2hJ/Gsmew
DA:1252,1,U+sKbE+W+4VfP8ygyyIIlw
DA:1253,1,vxiLq9jqgyYFws91TSyEbg
DA:1259,1,RWxgtsQL/Hj4hKqHKPSUKQ
DA:1265,1,CMM27m85AkM5byR1KC9G1A
DA:1266,1,hNrYWqFr8zedO7Qzfd938g
DA:1267,1,paxAJ4zI8BLdbyTS4P/AQA
DA:1268,1,6VJTFJHeEYqiGu92TeEgdg
DA:1270,1,Dwjd91USmMoWKfkSCVg/jg
DA:1273,1,mObJqZlqpmMWxXFqizaXeQ
DA:1274,1,PdeqDqr4bOft68ON3+/7kg
DA:1280,1,S7MdzwTh7nZsc3NzBwkhWA
DA:1293,1,zxIwrkS2JxrIlbdFdVXeMw
DA:1296,1,AqyYXsTNEJfanOoGyyvWNA
DA:1307,1,DP89TjkTj8uiUR+jknpR+Q
DA:1309,1,rcIICCUCbEvzt45KbkFBgQ
DA:1310,1,YTyVJd+iFBTnQvFQHrejuw
DA:1315,1,bVBgBLLPMtKzOj1PkSM5Ng
DA:1317,1,KpzHeEqFN3yvdF2I/7kMwg
DA:1318,1,MJIsOJ49aks1oaOVlqCSbQ
DA:1321,1,r8lFhoiSjJ82lEfVy+u36A
DA:1333,1,0gtSvGOEb9p92ESffxJfFw
DA:1345,1,Qi9CpL0liK8kOCj4fhtgmw
DA:1347,1,r8lFhoiSjJ82lEfVy+u36A
DA:1359,1,Qi9CpL0liK8kOCj4fhtgmw
DA:1360,1,8xK+iJsmz7JjKW9H4rpIyQ
DA:1361,1,JXnIGobyM0h/YmEoL02rgw
DA:1366,1,HNPpGAx8krRJhNCKj8cgBg
DA:1367,1,aKZO7m7Dfqp2N7EIyGFvbQ
DA:1379,1,g36BoTsSvoHfYfFBCx4xtg
DA:1382,1,0gtSvGOEb9p92ESffxJfFw
DA:1394,1,8X49+vL3Pfthe1+SqOp7cA
DA:1404,1,XiT7cRanv3QRZVh79INnzA
DA:1407,1,2Spf6hRKsgLuG5ApNVhwzQ
DA:1417,1,g36BoTsSvoHfYfFBCx4xtg
DA:1420,1,0gtSvGOEb9p92ESffxJfFw
DA:1429,1,TqkRYV+XuNLUC3znPVWfRQ
DA:1431,1,aYvaP5qi/dRHzN6nFhLJjA
DA:1432,1,Hy20C7j89ti98vLeetWilA
DA:1433,1,3i2etFTbFiOuRggFHfSwSQ
DA:1434,1,8ZZViN3kzuGzZiJ0HMvFAg
DA:1435,1,7qjcJsyZa+zhrOAWOMv7hw
DA:1436,1,O0CyzO5g8vaDtjE84Ft8tg
DA:1437,1,ZTrgVyheUYCnevn8svb3Bw
DA:1439,1,vsk9h6ugki1ceIogpWzXIg
DA:1440,1,V14AyGbr1ARDlx9WahCSNA
DA:1441,1,2MP1RQ0CyXgxPPdRcX04aw
DA:1442,1,G363M+1wFbcgGaOhljwxYg
DA:1443,1,eV+/3ovO9FSSyptTwsKcag
DA:1444,1,OLqXOf0TDrM1j5KQ8Ek31g
DA:1445,1,vigf6avAzu+SjiVton4fIQ
DA:1446,1,bHfdUFjOM2lN/FewpFQcTg
DA:1447,1,RXC5nOqVOu/s0bUZNUUO3g
DA:1448,1,h7gpysV1Dt5Q//mB4SUy7w
DA:1450,1,ggiS4u9pr/plHpkE3JsLEg
DA:1453,1,qDyOyMGAqy+nM06YyryXfw
DA:1457,1,h88fVvr4vJGZ+krnxhzDRA
DA:1460,1,N2TWrvgNzxxvRITdy75dCw
DA:1469,1,GcK/eAmJQHZYtURne5KwZA
DA:1471,1,41RC71h4M28whOu19aNMgA
DA:1473,1,EHHRAZhZzVVu/ieLHW9rGw
DA:1474,1,WNoIQSMhf8KH7XyEHS2D9g
DA:1480,1,TMTiKT8BmeMk0EX9jjB6vA
DA:1481,1,A6E2pQOTYZCI1/4vLRtuFw
DA:1482,1,WVbAvkDEbZcmT4Grh/kiaA
DA:1483,1,iu4mohvU43pJXtMN6zzQMw
DA:1485,1,ZG3ZIg6v8gb4uWDZjZX+tg
DA:1487,1,CJNs1GE3AkyVAk32gxE1lg
DA:1488,1,LFq8HKMfUGtjwjvjZP2OjQ
DA:1490,1,nG7500JukZ2saVZb9fyacA
DA:1502,1,Q+wDNISn53VOw7ukOKcb5g
DA:1506,1,46ig0lq+rnnK5wumisCRXA
DA:1509,1,d1qG9B+Hh4FRHL6WQRzxHQ
DA:1513,1,s2ItAnh7rG4iTa7adpgPTw
DA:1514,1,KDdU5myMQa7O3Vvm+t2GaQ
DA:1515,1,UsWTjeFso9ZQwVMadFafQA
DA:1517,1,2q/ATeJ7QepgiBjnYjuEqQ
DA:340,0,icYSRctU6Rc68v8xDc9GzA
DA:345,0,HRmYgrUgQRrlHMAQ7gWdXQ
DA:495,0,o7tvNiq40uwo8eP+lY5kyg
DA:496,0,LzDzNTFud6ZfgFcqrbjmgw
DA:499,0,HVyrBJ61ni9ux6MdUIeaUA
DA:505,0,HVyrBJ61ni9ux6MdUIeaUA
DA:601,0,HVyrBJ61ni9ux6MdUIeaUA
DA:680,0,LzDzNTFud6ZfgFcqrbjmgw
DA:731,0,HVyrBJ61ni9ux6MdUIeaUA
DA:764,0,LzDzNTFud6ZfgFcqrbjmgw
DA:818,0,HVyrBJ61ni9ux6MdUIeaUA
DA:858,0,suiawIdmg9oX8CXdZ8TwEA
DA:863,0,iHlE2P7ocfaD8iXxzlFjBA
DA:866,0,LzDzNTFud6ZfgFcqrbjmgw
DA:898,0,HRmYgrUgQRrlHMAQ7gWdXQ
DA:1009,0,obhhxbRpMA2OzipwKfYFgw
DA:1046,0,sAx19RihGpW7rKnlL4tLkQ
DA:1060,0,AgQPAWSxmz2v9iHw4zs2uA
DA:1076,0,2TB3vSWRuckfjd8zFMwkeA
DA:1077,0,j4UIQFj/X2rtrTOYV4u9GA
DA:1178,0,IFbSuv6phgNZtBbNjSSEoA
DA:1199,0,Xl8VSAmFmHbaSi6vaBziZg
DA:1213,0,IFbSuv6phgNZtBbNjSSEoA
DA:1232,0,IFbSuv6phgNZtBbNjSSEoA
DA:1451,0,GULsD18WntyoU0q7OkdhvA
LF:514
LH:496
end_of_record
TN:
SF:Source\utils.py
DA:1,1,IWWjrCeOtk8NNtrE95++2g
DA:2,1,S7y4sCZPz7Tt9orve1SZGw
DA:3,1,CzkRu6HMc+tByN18vGgyag
DA:4,1,p7hNY1S5rX9QtYADf+cK4g
DA:5,1,7Z9Lj4ed27Wf2hBX6jooEA
DA:6,1,/6BCF/ROSidz51ZAydY62A
DA:7,1,uqQzsyLE2snBclOsmsd0qA
DA:8,1,iFBy6XoFRzJH9tOWXOEK1Q
DA:9,1,JIiJvzs+1NWPkHpD9audUg
DA:10,1,2fdbfvSPpKaIODMF+f8GjA
DA:14,1,gKftj2W359p0f8pHqdqGDg
DA:20,1,qRu5Nao9D8L2xMRF8W3i+w
DA:21,1,BUvoOTowOD78YyDRvoOFfQ
DA:24,1,ZSWTf+27pZbTQsA9NOdPYQ
DA:25,1,88+dCOX+X1Pxij84K42PCA
DA:26,1,kjKMXeSLutzw1pr0K6EQcg
DA:28,1,8TLn0Y+8IxFPLqBw5pZj3w
DA:29,1,VOe2f55MGKi2gI3GWCpIVw
DA:30,1,qpus2EqVQlee5zlHYUpe2g
DA:31,1,4DsezZGFGyzHUqcKtJh07g
DA:35,1,rqW5YCFvgSHmaArkneYuZw
DA:46,1,O631UMPNFGTtwj5OPt4mWw
DA:47,1,1ue1b7asBN+RgNNYJjO5RQ
DA:48,1,1y8jVWJXNHfudpyUOCiUlg
DA:51,1,ROa+TqeCytYeqRVRBDGU/w
DA:54,1,FKWUaAojpP2fTTq6WdYP1w
DA:88,1,cJR78Hnkz2vo3KBrzNgyFA
DA:112,1,p1FKkTqX6UKV5Nri2UPF+A
DA:138,1,W9kqFo0+5vUtYFuXH50NqQ
DA:152,1,StgvZErKjTV9kkXvxNfTvA
DA:155,1,dP0sCFFY9Js0u1gxfVhwPw
DA:161,1,Zzqrm9lyzQPbi+FSteF+2w
DA:165,1,boxbTvrI2XOIHoPOaslJig
DA:166,1,8xK+iJsmz7JjKW9H4rpIyQ
DA:167,1,rsahrTM0EsX+pjI3ZTwk6w
DA:168,1,dn8vPjdRAe4e8LLpnesx4Q
DA:169,1,zvef5v/4gTXJgy7jzBbkLw
DA:176,1,18J8FuZs1HpVn7m1JDQMFw
DA:179,1,U3X7vz/d2b+XY70fOdtMSw
DA:185,1,vaPNChWVYwNVD1/kX9TOaQ
DA:186,1,ckYLhCmm38rUGWiwTS9VAA
DA:187,1,q3OrjskUTDdtS0I9P67oxw
DA:188,1,GP4AHr4budGCP5RS30ifAA
DA:190,1,wvJRqo2wVJENG8vyhjymKA
DA:193,1,+ZdDEb94xtyAvpg5ieainw
DA:198,1,FZkWxpLvxUP7NlzPnYwk3A
DA:204,1,LMuyVSjRDOsl3qTIdL8lJQ
DA:219,1,Bvs1cksvbBzH1jzSV0VftA
DA:221,1,nnfjhOoLcqIkbWTX+tDosw
DA:224,1,r8lFhoiSjJ82lEfVy+u36A
DA:231,1,3dikGpUzmt35Eji09XVL7g
DA:232,1,NT4kyDQOKxbTy7YlXGM2Sw
DA:240,1,pbFVd00acpeCOlK89yHaTA
DA:245,1,+DRT7Bd64PHfjiu6HiL9Ug
DA:279,1,XseLgHZtQJ5G/GJNvzAxRA
DA:280,1,VaftnOaUYn75GC1FUB/m8Q
DA:282,1,NT4kyDQOKxbTy7YlXGM2Sw
DA:300,1,MnEpDihYJL7Y3ZrbArzamA
DA:303,1,tn0LVtLrdvCCiyZOfmbENw
DA:307,1,NT4kyDQOKxbTy7YlXGM2Sw
DA:314,1,OY1WDeo4y8WyE3jNVEdyYw
DA:315,1,Wxg+MJiOc9GLFdBETZDX6A
DA:324,1,hoeKyv96WL2ZM/xaApZ1sQ
DA:325,1,Vbvz3GH7zYR8eAQ+eUD6ow
DA:326,1,syiAapENfKMrRH+Jzctv+w
DA:328,1,NT4kyDQOKxbTy7YlXGM2Sw
DA:332,1,MnEpDihYJL7Y3ZrbArzamA
DA:335,1,tn0LVtLrdvCCiyZOfmbENw
DA:339,1,G/NNIG4BGcUJpQW/77EB6A
DA:340,1,2bTTrJ8faQ9ldgtHZbdRuA
DA:341,1,9dEH44MqJgIVPQejOd0OEw
DA:342,1,Wxg+MJiOc9GLFdBETZDX6A
DA:350,1,WmiqMp6QU8jYV3gydSI30Q
DA:356,1,CPX3pPU/q6grqP6oT1lKRw
DA:361,1,ho0ktv1MUKwRBle6efCA3w
DA:362,1,I436qfg9TqB8nBdEn30CRQ
DA:363,1,iCZrxC1UJfOJa6s8DFWu+A
DA:365,1,Ym7/fVs/jrQV+4YKRLbKYg
DA:367,1,tyT5vYnOeviYSxcGHBOIyg
DA:370,1,N5qoFSnakO8jnbNNEn/8qg
DA:374,1,QHf1hZWMwGyEHBAJoMQWqg
DA:375,1,5hLeZq1NT6ON7eLlWTUDDg
DA:376,1,SwaPXXnoU9BQQx/oMkYuDw
DA:377,1,NT4kyDQOKxbTy7YlXGM2Sw
DA:385,1,GxWv6lrlYUB2Xnvv872oHg
DA:390,1,N5qoFSnakO8jnbNNEn/8qg
DA:395,1,N5qoFSnakO8jnbNNEn/8qg
DA:400,1,N5qoFSnakO8jnbNNEn/8qg
DA:15,0,/93d2D/jMEbgSoBmzsHkoQ
DA:63,0,ppiOM4UKpN1WLVvScHy5qg
DA:64,0,wco+OX6M2mIwshKLKhYSNg
DA:67,0,1FS3TyR0ppAvSA2PKSdr4g
DA:70,0,LEsMO1cB9ScUaXQYF/vfvQ
DA:71,0,cUhtV8eWkKFtq9Xzw6KDgQ
DA:73,0,Q3EFscLtqJkLL4DSMGqcLg
DA:74,0,zTgvsoZKNGhIgnNGCLfXnw
DA:75,0,u8G0IfL5FASjRLnNAOFkvQ
DA:76,0,jBW0xQ2IIjq1uK6eI4x6Aw
DA:77,0,TjNFmTHVh2Z7tDD4Um53Dw
DA:78,0,DGWLDVYyD+ZKnRYexQWlnA
DA:81,0,B8J1bryhNUVrgeC52BhZjA
DA:82,0,8daoAuE+oJ7WBXhZ+3W4Aw
DA:83,0,35StdR/nQ5LLMLH56lRArw
DA:85,0,fUdbjYSciEnJzGULylBUIA
DA:96,0,rnqZDKR0xYY5s31dsrvbgA
DA:106,0,rmn3Rzwe6FsESuStyt6IzA
DA:109,0,puPu5RIiLhs+kAssuIgVng
DA:118,0,S2gizjKBs1pDyko/XuSvFg
DA:119,0,cKBN1Q8VSXNAlyNPhhHBCw
DA:121,0,y+10tgfA3Y6qt55e+7EOnw
DA:122,0,0zzABj4B5rqvXQiApNhOtg
DA:123,0,yf4kr2Ea005Loqbr5XyElw
DA:124,0,4x9VOgJ9DmGZVdudPCtkqA
DA:125,0,DXrBzT8meFj3vn+21rJTHw
DA:127,0,osLAMjwu7dFMtoAEYNVwTQ
DA:128,0,HgYBCRIKJFHuzpIIj1JvJQ
DA:129,0,/2l82xMSJnIP9ADix7a8RQ
DA:130,0,+A+MxpD485vQGJR/NYlbBQ
DA:131,0,YQeG+kwXdKd8ITpFjrwgSw
DA:133,0,qdX1MUn+Su884icB3YGPAg
DA:172,0,XKEanUcT6PcJ0gNyx1+xbg
DA:173,0,aMuo+eQrMk+Zjvp85ARxFg
LF:122
LH:88
end_of_record
